c:\users\sean orme\documents\github\cpsc.4377.code.examples\l07.4.physics.debugger\temp\vc140.pdb
c:\users\sean orme\documents\github\cpsc.4377.code.examples\l07.4.physics.debugger\temp\vc140.idb
c:\users\sean orme\documents\github\cpsc.4377.code.examples\l07.4.physics.debugger\temp\gameobject.obj
c:\users\sean orme\documents\github\cpsc.4377.code.examples\l07.4.physics.debugger\temp\graphicsdevice.obj
c:\users\sean orme\documents\github\cpsc.4377.code.examples\l07.4.physics.debugger\temp\source.obj
c:\users\sean orme\documents\github\cpsc.4377.code.examples\l07.4.physics.debugger\temp\texture.obj
c:\users\sean orme\documents\github\cpsc.4377.code.examples\l07.4.physics.debugger\temp\timer.obj
c:\users\sean orme\documents\github\cpsc.4377.code.examples\l07.4.physics.debugger\temp\box2ddebugdraw.obj
c:\users\sean orme\documents\github\cpsc.4377.code.examples\l07.4.physics.debugger\game\l07.4.physics.debugger.lib
c:\users\sean orme\documents\github\cpsc.4377.code.examples\l07.4.physics.debugger\game\l07.4.physics.debugger.exp
c:\users\sean orme\documents\github\cpsc.4377.code.examples\l07.4.physics.debugger\game\l07.4.physics.debugger.ilk
c:\users\sean orme\documents\github\cpsc.4377.code.examples\l07.4.physics.debugger\game\l07.4.physics.debugger.exe
c:\users\sean orme\documents\github\cpsc.4377.code.examples\l07.4.physics.debugger\game\l07.4.physics.debugger.pdb
c:\users\sean orme\documents\github\cpsc.4377.code.examples\l07.4.physics.debugger\temp\bodycomponent.obj
c:\users\sean orme\documents\github\cpsc.4377.code.examples\l07.4.physics.debugger\temp\component.obj
c:\users\sean orme\documents\github\cpsc.4377.code.examples\l07.4.physics.debugger\temp\physicsdevice.obj
c:\users\sean orme\documents\github\cpsc.4377.code.examples\l07.4.physics.debugger\temp\spritecomponent.obj
c:\users\sean orme\documents\github\cpsc.4377.code.examples\l07.4.physics.debugger\temp\userinputcomponent.obj
c:\users\sean orme\documents\github\cpsc.4377.code.examples\l07.4.physics.debugger\temp\l07.4.ph.af814567.tlog\cl.command.1.tlog
c:\users\sean orme\documents\github\cpsc.4377.code.examples\l07.4.physics.debugger\temp\l07.4.ph.af814567.tlog\cl.read.1.tlog
c:\users\sean orme\documents\github\cpsc.4377.code.examples\l07.4.physics.debugger\temp\l07.4.ph.af814567.tlog\cl.write.1.tlog
c:\users\sean orme\documents\github\cpsc.4377.code.examples\l07.4.physics.debugger\temp\l07.4.ph.af814567.tlog\l07.4.physics.debugger.write.1u.tlog
c:\users\sean orme\documents\github\cpsc.4377.code.examples\l07.4.physics.debugger\temp\l07.4.ph.af814567.tlog\link.command.1.tlog
c:\users\sean orme\documents\github\cpsc.4377.code.examples\l07.4.physics.debugger\temp\l07.4.ph.af814567.tlog\link.read.1.tlog
c:\users\sean orme\documents\github\cpsc.4377.code.examples\l07.4.physics.debugger\temp\l07.4.ph.af814567.tlog\link.write.1.tlog
