c:\users\administrator\google drive\teaching\cpsc 4377\dr. bush's stuff\course.modules\code.examples\cpsc.4377.sdl2.module.examples\m7.sdl.mixer.simple\temp\gameobject.obj
c:\users\administrator\google drive\teaching\cpsc 4377\dr. bush's stuff\course.modules\code.examples\cpsc.4377.sdl2.module.examples\m7.sdl.mixer.simple\temp\graphicsdevice.obj
c:\users\administrator\google drive\teaching\cpsc 4377\dr. bush's stuff\course.modules\code.examples\cpsc.4377.sdl2.module.examples\m7.sdl.mixer.simple\temp\source.obj
c:\users\administrator\google drive\teaching\cpsc 4377\dr. bush's stuff\course.modules\code.examples\cpsc.4377.sdl2.module.examples\m7.sdl.mixer.simple\temp\texture.obj
c:\users\administrator\google drive\teaching\cpsc 4377\dr. bush's stuff\course.modules\code.examples\cpsc.4377.sdl2.module.examples\m7.sdl.mixer.simple\temp\timer.obj
c:\users\administrator\google drive\teaching\cpsc 4377\dr. bush's stuff\course.modules\code.examples\cpsc.4377.sdl2.module.examples\m7.sdl.mixer.simple\temp\vc110.pdb
c:\users\administrator\google drive\teaching\cpsc 4377\dr. bush's stuff\course.modules\code.examples\cpsc.4377.sdl2.module.examples\m7.sdl.mixer.simple\game\m7.sdl.mixer.simple.ilk
c:\users\administrator\google drive\teaching\cpsc 4377\dr. bush's stuff\course.modules\code.examples\cpsc.4377.sdl2.module.examples\m7.sdl.mixer.simple\game\m7.sdl.mixer.simple.exe
c:\users\administrator\google drive\teaching\cpsc 4377\dr. bush's stuff\course.modules\code.examples\cpsc.4377.sdl2.module.examples\m7.sdl.mixer.simple\game\m7.sdl.mixer.simple.pdb
c:\users\sean orme\documents\github\cpsc.4377.code.examples\l09.1.mixer.simple\temp\vc141.pdb
c:\users\sean orme\documents\github\cpsc.4377.code.examples\l09.1.mixer.simple\temp\vc141.idb
c:\users\sean orme\documents\github\cpsc.4377.code.examples\l09.1.mixer.simple\temp\gameobject.obj
c:\users\sean orme\documents\github\cpsc.4377.code.examples\l09.1.mixer.simple\temp\graphicsdevice.obj
c:\users\sean orme\documents\github\cpsc.4377.code.examples\l09.1.mixer.simple\temp\source.obj
c:\users\sean orme\documents\github\cpsc.4377.code.examples\l09.1.mixer.simple\temp\texture.obj
c:\users\sean orme\documents\github\cpsc.4377.code.examples\l09.1.mixer.simple\temp\timer.obj
c:\users\sean orme\documents\github\cpsc.4377.code.examples\l09.1.mixer.simple\game\l09.1.mixer.simple.lib
c:\users\sean orme\documents\github\cpsc.4377.code.examples\l09.1.mixer.simple\game\l09.1.mixer.simple.exp
c:\users\sean orme\documents\github\cpsc.4377.code.examples\l09.1.mixer.simple\game\l09.1.mixer.simple.ilk
c:\users\sean orme\documents\github\cpsc.4377.code.examples\l09.1.mixer.simple\game\l09.1.mixer.simple.exe
c:\users\sean orme\documents\github\cpsc.4377.code.examples\l09.1.mixer.simple\game\l09.1.mixer.simple.pdb
c:\users\sean orme\documents\github\cpsc.4377.code.examples\l09.1.mixer.simple\temp\cl.command.1.tlog
c:\users\sean orme\documents\github\cpsc.4377.code.examples\l09.1.mixer.simple\temp\cl.read.1.tlog
c:\users\sean orme\documents\github\cpsc.4377.code.examples\l09.1.mixer.simple\temp\cl.write.1.tlog
c:\users\sean orme\documents\github\cpsc.4377.code.examples\l09.1.mixer.simple\temp\link-cvtres.read.1.tlog
c:\users\sean orme\documents\github\cpsc.4377.code.examples\l09.1.mixer.simple\temp\link-cvtres.write.1.tlog
c:\users\sean orme\documents\github\cpsc.4377.code.examples\l09.1.mixer.simple\temp\link-rc.read.1.tlog
c:\users\sean orme\documents\github\cpsc.4377.code.examples\l09.1.mixer.simple\temp\link-rc.write.1.tlog
c:\users\sean orme\documents\github\cpsc.4377.code.examples\l09.1.mixer.simple\temp\link.7396-cvtres.read.1.tlog
c:\users\sean orme\documents\github\cpsc.4377.code.examples\l09.1.mixer.simple\temp\link.7396-cvtres.write.1.tlog
c:\users\sean orme\documents\github\cpsc.4377.code.examples\l09.1.mixer.simple\temp\link.7396-rc.read.1.tlog
c:\users\sean orme\documents\github\cpsc.4377.code.examples\l09.1.mixer.simple\temp\link.7396-rc.write.1.tlog
c:\users\sean orme\documents\github\cpsc.4377.code.examples\l09.1.mixer.simple\temp\link.7396.read.1.tlog
c:\users\sean orme\documents\github\cpsc.4377.code.examples\l09.1.mixer.simple\temp\link.7396.write.1.tlog
c:\users\sean orme\documents\github\cpsc.4377.code.examples\l09.1.mixer.simple\temp\link.9416-cvtres.read.1.tlog
c:\users\sean orme\documents\github\cpsc.4377.code.examples\l09.1.mixer.simple\temp\link.9416-cvtres.write.1.tlog
c:\users\sean orme\documents\github\cpsc.4377.code.examples\l09.1.mixer.simple\temp\link.9416-rc.read.1.tlog
c:\users\sean orme\documents\github\cpsc.4377.code.examples\l09.1.mixer.simple\temp\link.9416-rc.write.1.tlog
c:\users\sean orme\documents\github\cpsc.4377.code.examples\l09.1.mixer.simple\temp\link.9416.read.1.tlog
c:\users\sean orme\documents\github\cpsc.4377.code.examples\l09.1.mixer.simple\temp\link.9416.write.1.tlog
c:\users\sean orme\documents\github\cpsc.4377.code.examples\l09.1.mixer.simple\temp\link.9856-cvtres.read.1.tlog
c:\users\sean orme\documents\github\cpsc.4377.code.examples\l09.1.mixer.simple\temp\link.9856-cvtres.write.1.tlog
c:\users\sean orme\documents\github\cpsc.4377.code.examples\l09.1.mixer.simple\temp\link.9856-rc.read.1.tlog
c:\users\sean orme\documents\github\cpsc.4377.code.examples\l09.1.mixer.simple\temp\link.9856-rc.write.1.tlog
c:\users\sean orme\documents\github\cpsc.4377.code.examples\l09.1.mixer.simple\temp\link.9856.read.1.tlog
c:\users\sean orme\documents\github\cpsc.4377.code.examples\l09.1.mixer.simple\temp\link.9856.write.1.tlog
c:\users\sean orme\documents\github\cpsc.4377.code.examples\l09.1.mixer.simple\temp\link.command.1.tlog
c:\users\sean orme\documents\github\cpsc.4377.code.examples\l09.1.mixer.simple\temp\link.read.1.tlog
c:\users\sean orme\documents\github\cpsc.4377.code.examples\l09.1.mixer.simple\temp\link.write.1.tlog
c:\users\sean orme\documents\github\cpsc.4377.code.examples\l09.1.mixer.simple\temp\vc110.idb
c:\users\sean orme\documents\github\cpsc.4377.code.examples\l09.1.mixer.simple\temp\vc110.pdb
c:\users\sean orme\documents\github\cpsc.4377.code.examples\l09.1.mixer.simple\temp\l09.1.mi.8fdb64ff.tlog\cl.command.1.tlog
c:\users\sean orme\documents\github\cpsc.4377.code.examples\l09.1.mixer.simple\temp\l09.1.mi.8fdb64ff.tlog\cl.read.1.tlog
c:\users\sean orme\documents\github\cpsc.4377.code.examples\l09.1.mixer.simple\temp\l09.1.mi.8fdb64ff.tlog\cl.write.1.tlog
c:\users\sean orme\documents\github\cpsc.4377.code.examples\l09.1.mixer.simple\temp\l09.1.mi.8fdb64ff.tlog\l09.1.mixer.simple.write.1u.tlog
c:\users\sean orme\documents\github\cpsc.4377.code.examples\l09.1.mixer.simple\temp\l09.1.mi.8fdb64ff.tlog\link.command.1.tlog
c:\users\sean orme\documents\github\cpsc.4377.code.examples\l09.1.mixer.simple\temp\l09.1.mi.8fdb64ff.tlog\link.read.1.tlog
c:\users\sean orme\documents\github\cpsc.4377.code.examples\l09.1.mixer.simple\temp\l09.1.mi.8fdb64ff.tlog\link.write.1.tlog
