c:\users\kabush\documents\visual studio 2012\projects\cpsc.4377.sdl2.module.examples\m1.xmlsimpleload\debug\load.obj
c:\users\kabush\documents\visual studio 2012\projects\cpsc.4377.sdl2.module.examples\m1.xmlsimpleload\debug\tinystr.obj
c:\users\kabush\documents\visual studio 2012\projects\cpsc.4377.sdl2.module.examples\m1.xmlsimpleload\debug\tinyxml.obj
c:\users\kabush\documents\visual studio 2012\projects\cpsc.4377.sdl2.module.examples\m1.xmlsimpleload\debug\tinyxmlerror.obj
c:\users\kabush\documents\visual studio 2012\projects\cpsc.4377.sdl2.module.examples\m1.xmlsimpleload\debug\tinyxmlparser.obj
c:\users\kabush\documents\visual studio 2012\projects\cpsc.4377.sdl2.module.examples\m1.xmlsimpleload\debug\vc110.pdb
c:\users\kabush\documents\visual studio 2012\projects\cpsc.4377.sdl2.module.examples\debug\m1.xmlsimpleload.ilk
c:\users\kabush\documents\visual studio 2012\projects\cpsc.4377.sdl2.module.examples\debug\m1.xmlsimpleload.exe
c:\users\kabush\documents\visual studio 2012\projects\cpsc.4377.sdl2.module.examples\debug\m1.xmlsimpleload.pdb
c:\users\sean orme\documents\github\cpsc.4377.code.examples\l03.1.xmlsimpleload\debug\vc140.pdb
c:\users\sean orme\documents\github\cpsc.4377.code.examples\l03.1.xmlsimpleload\debug\vc140.idb
c:\users\sean orme\documents\github\cpsc.4377.code.examples\l03.1.xmlsimpleload\debug\load.obj
c:\users\sean orme\documents\github\cpsc.4377.code.examples\l03.1.xmlsimpleload\debug\tinyxml2.obj
c:\users\sean orme\documents\github\cpsc.4377.code.examples\debug\l03.1.xmlsimpleload.ilk
c:\users\sean orme\documents\github\cpsc.4377.code.examples\debug\l03.1.xmlsimpleload.exe
c:\users\sean orme\documents\github\cpsc.4377.code.examples\debug\l03.1.xmlsimpleload.pdb
c:\users\sean orme\documents\github\cpsc.4377.code.examples\l03.1.xmlsimpleload\debug\tinystr.obj
c:\users\sean orme\documents\github\cpsc.4377.code.examples\l03.1.xmlsimpleload\debug\tinyxml.obj
c:\users\sean orme\documents\github\cpsc.4377.code.examples\l03.1.xmlsimpleload\debug\tinyxmlerror.obj
c:\users\sean orme\documents\github\cpsc.4377.code.examples\l03.1.xmlsimpleload\debug\tinyxmlparser.obj
c:\users\sean orme\documents\github\cpsc.4377.code.examples\l03.1.xmlsimpleload\debug\cl.command.1.tlog
c:\users\sean orme\documents\github\cpsc.4377.code.examples\l03.1.xmlsimpleload\debug\cl.read.1.tlog
c:\users\sean orme\documents\github\cpsc.4377.code.examples\l03.1.xmlsimpleload\debug\cl.write.1.tlog
c:\users\sean orme\documents\github\cpsc.4377.code.examples\l03.1.xmlsimpleload\debug\link-cvtres.read.1.tlog
c:\users\sean orme\documents\github\cpsc.4377.code.examples\l03.1.xmlsimpleload\debug\link-cvtres.write.1.tlog
c:\users\sean orme\documents\github\cpsc.4377.code.examples\l03.1.xmlsimpleload\debug\link-rc.read.1.tlog
c:\users\sean orme\documents\github\cpsc.4377.code.examples\l03.1.xmlsimpleload\debug\link-rc.write.1.tlog
c:\users\sean orme\documents\github\cpsc.4377.code.examples\l03.1.xmlsimpleload\debug\link.command.1.tlog
c:\users\sean orme\documents\github\cpsc.4377.code.examples\l03.1.xmlsimpleload\debug\link.read.1.tlog
c:\users\sean orme\documents\github\cpsc.4377.code.examples\l03.1.xmlsimpleload\debug\link.write.1.tlog
c:\users\sean orme\documents\github\cpsc.4377.code.examples\l03.1.xmlsimpleload\debug\vc110.idb
c:\users\sean orme\documents\github\cpsc.4377.code.examples\l03.1.xmlsimpleload\debug\vc110.pdb
c:\users\sean orme\documents\github\cpsc.4377.code.examples\l03.1.xmlsimpleload\debug\l03.1.xm.887504c8.tlog\cl.command.1.tlog
c:\users\sean orme\documents\github\cpsc.4377.code.examples\l03.1.xmlsimpleload\debug\l03.1.xm.887504c8.tlog\cl.read.1.tlog
c:\users\sean orme\documents\github\cpsc.4377.code.examples\l03.1.xmlsimpleload\debug\l03.1.xm.887504c8.tlog\cl.write.1.tlog
c:\users\sean orme\documents\github\cpsc.4377.code.examples\l03.1.xmlsimpleload\debug\l03.1.xm.887504c8.tlog\link.command.1.tlog
c:\users\sean orme\documents\github\cpsc.4377.code.examples\l03.1.xmlsimpleload\debug\l03.1.xm.887504c8.tlog\link.read.1.tlog
c:\users\sean orme\documents\github\cpsc.4377.code.examples\l03.1.xmlsimpleload\debug\l03.1.xm.887504c8.tlog\link.write.1.tlog
