Build started 2/6/2015 6:25:46 PM.
     1>Project "C:\Users\kabush\Documents\Visual Studio 2012\Projects\CPSC.4377.SDL2.Module.Examples\M1.XMLSimpleLoad\M1.XMLSimpleLoad.vcxproj" on node 2 (Build target(s)).
     1>ClCompile:
         C:\Program Files (x86)\Microsoft Visual Studio 11.0\VC\bin\CL.exe /c /ZI /nologo /W3 /WX- /sdl /Od /Oy- /D _MBCS /Gm /EHsc /RTC1 /MDd /GS /fp:precise /Zc:wchar_t /Zc:forScope /Fo"Debug\\" /Fd"Debug\vc110.pdb" /Gd /TP /analyze- /errorReport:prompt load.cpp tinystr.cpp tinyxml.cpp tinyxmlerror.cpp tinyxmlparser.cpp
         tinyxmlparser.cpp
         tinyxmlerror.cpp
         tinyxml.cpp
         tinystr.cpp
         load.cpp
         Generating Code...
       Link:
         C:\Program Files (x86)\Microsoft Visual Studio 11.0\VC\bin\link.exe /ERRORREPORT:PROMPT /OUT:"C:\Users\kabush\Documents\Visual Studio 2012\Projects\CPSC.4377.SDL2.Module.Examples\Debug\M1.XMLSimpleLoad.exe" /INCREMENTAL /NOLOGO kernel32.lib user32.lib gdi32.lib winspool.lib comdlg32.lib advapi32.lib shell32.lib ole32.lib oleaut32.lib uuid.lib odbc32.lib odbccp32.lib /MANIFEST /MANIFESTUAC:"level='asInvoker' uiAccess='false'" /manifest:embed /DEBUG /PDB:"C:\Users\kabush\Documents\Visual Studio 2012\Projects\CPSC.4377.SDL2.Module.Examples\Debug\M1.XMLSimpleLoad.pdb" /TLBID:1 /DYNAMICBASE /NXCOMPAT /IMPLIB:"C:\Users\kabush\Documents\Visual Studio 2012\Projects\CPSC.4377.SDL2.Module.Examples\Debug\M1.XMLSimpleLoad.lib" /MACHINE:X86 Debug\load.obj
         Debug\tinystr.obj
         Debug\tinyxml.obj
         Debug\tinyxmlerror.obj
         Debug\tinyxmlparser.obj
         M1.XMLSimpleLoad.vcxproj -> C:\Users\kabush\Documents\Visual Studio 2012\Projects\CPSC.4377.SDL2.Module.Examples\Debug\M1.XMLSimpleLoad.exe
     1>Done Building Project "C:\Users\kabush\Documents\Visual Studio 2012\Projects\CPSC.4377.SDL2.Module.Examples\M1.XMLSimpleLoad\M1.XMLSimpleLoad.vcxproj" (Build target(s)).

Build succeeded.

Time Elapsed 00:00:01.15
