c:\users\kabush\documents\visual studio 2012\projects\cpsc.4377.sdl2.module.examples\m7.sdl.mixer.simple\temp\gameobject.obj
c:\users\kabush\documents\visual studio 2012\projects\cpsc.4377.sdl2.module.examples\m7.sdl.mixer.simple\temp\graphicsdevice.obj
c:\users\kabush\documents\visual studio 2012\projects\cpsc.4377.sdl2.module.examples\m7.sdl.mixer.simple\temp\source.obj
c:\users\kabush\documents\visual studio 2012\projects\cpsc.4377.sdl2.module.examples\m7.sdl.mixer.simple\temp\texture.obj
c:\users\kabush\documents\visual studio 2012\projects\cpsc.4377.sdl2.module.examples\m7.sdl.mixer.simple\temp\vc110.pdb
c:\users\kabush\documents\visual studio 2012\projects\cpsc.4377.sdl2.module.examples\m7.sdl.mixer.simple\temp\timer.obj
c:\users\kabush\documents\visual studio 2012\projects\cpsc.4377.sdl2.module.examples\m7.sdl.particle.effects\temp\gameobject.obj
c:\users\kabush\documents\visual studio 2012\projects\cpsc.4377.sdl2.module.examples\m7.sdl.particle.effects\temp\graphicsdevice.obj
c:\users\kabush\documents\visual studio 2012\projects\cpsc.4377.sdl2.module.examples\m7.sdl.particle.effects\temp\texture.obj
c:\users\kabush\documents\visual studio 2012\projects\cpsc.4377.sdl2.module.examples\m7.sdl.particle.effects\temp\timer.obj
c:\users\kabush\documents\visual studio 2012\projects\cpsc.4377.sdl2.module.examples\m7.sdl.particle.effects\temp\vc110.pdb
c:\users\kabush\documents\visual studio 2012\projects\cpsc.4377.sdl2.module.examples\m7.sdl.particle.effects\temp\source.obj
c:\users\kabush\documents\visual studio 2012\projects\cpsc.4377.sdl2.module.examples\m7.sdl.mixer.simple\game\m7.sdl.mixer.simple.ilk
c:\users\kabush\documents\visual studio 2012\projects\cpsc.4377.sdl2.module.examples\m7.sdl.mixer.simple\game\m7.sdl.mixer.simple.exe
c:\users\kabush\documents\visual studio 2012\projects\cpsc.4377.sdl2.module.examples\m7.sdl.mixer.simple\game\m7.sdl.mixer.simple.pdb
c:\users\kabush\documents\visual studio 2012\projects\cpsc.4377.sdl2.module.examples\m7.sdl.particle.effects\game\m7.sdl.particle.effects.ilk
c:\users\kabush\documents\visual studio 2012\projects\cpsc.4377.sdl2.module.examples\m7.sdl.particle.effects\game\m7.sdl.particle.effects.exe
c:\users\kabush\documents\visual studio 2012\projects\cpsc.4377.sdl2.module.examples\m7.sdl.particle.effects\game\m7.sdl.particle.effects.pdb
c:\users\ormeskirk\documents\github\cpsc.4377.code.examples\l09.4.particle.effects\temp\vc141.pdb
c:\users\ormeskirk\documents\github\cpsc.4377.code.examples\l09.4.particle.effects\temp\vc141.idb
c:\users\ormeskirk\documents\github\cpsc.4377.code.examples\l09.4.particle.effects\temp\timer.obj
c:\users\ormeskirk\documents\github\cpsc.4377.code.examples\l09.4.particle.effects\temp\texture.obj
c:\users\ormeskirk\documents\github\cpsc.4377.code.examples\l09.4.particle.effects\temp\source.obj
c:\users\ormeskirk\documents\github\cpsc.4377.code.examples\l09.4.particle.effects\temp\graphicsdevice.obj
c:\users\ormeskirk\documents\github\cpsc.4377.code.examples\l09.4.particle.effects\temp\gameobject.obj
c:\users\sean orme\documents\github\cpsc.4377.code.examples\l09.4.particle.effects\game\l09.4.particle.effects.lib
c:\users\sean orme\documents\github\cpsc.4377.code.examples\l09.4.particle.effects\game\l09.4.particle.effects.exp
c:\users\ormeskirk\documents\github\cpsc.4377.code.examples\l09.4.particle.effects\game\l09.4.particle.effects.lib
c:\users\ormeskirk\documents\github\cpsc.4377.code.examples\l09.4.particle.effects\game\l09.4.particle.effects.exp
c:\users\sean orme\documents\github\cpsc.4377.code.examples\l09.4.particle.effects\game\l09.4.particle.effects.exe
c:\users\sean orme\documents\github\cpsc.4377.code.examples\l09.4.particle.effects\game\l09.4.particle.effects.ilk
c:\users\sean orme\documents\github\cpsc.4377.code.examples\l09.4.particle.effects\game\l09.4.particle.effects.pdb
c:\users\ormeskirk\documents\github\cpsc.4377.code.examples\l09.4.particle.effects\game\l09.4.particle.effects.ilk
c:\users\ormeskirk\documents\github\cpsc.4377.code.examples\l09.4.particle.effects\game\l09.4.particle.effects.exe
c:\users\ormeskirk\documents\github\cpsc.4377.code.examples\l09.4.particle.effects\game\l09.4.particle.effects.pdb
c:\users\sean orme\documents\github\cpsc.4377.code.examples\l09.4.particle.effects\temp\gameobject.obj
c:\users\sean orme\documents\github\cpsc.4377.code.examples\l09.4.particle.effects\temp\graphicsdevice.obj
c:\users\sean orme\documents\github\cpsc.4377.code.examples\l09.4.particle.effects\temp\source.obj
c:\users\sean orme\documents\github\cpsc.4377.code.examples\l09.4.particle.effects\temp\texture.obj
c:\users\sean orme\documents\github\cpsc.4377.code.examples\l09.4.particle.effects\temp\timer.obj
c:\users\sean orme\documents\github\cpsc.4377.code.examples\l09.4.particle.effects\temp\cl.command.1.tlog
c:\users\sean orme\documents\github\cpsc.4377.code.examples\l09.4.particle.effects\temp\cl.read.1.tlog
c:\users\sean orme\documents\github\cpsc.4377.code.examples\l09.4.particle.effects\temp\cl.write.1.tlog
c:\users\sean orme\documents\github\cpsc.4377.code.examples\l09.4.particle.effects\temp\link-cvtres.read.1.tlog
c:\users\sean orme\documents\github\cpsc.4377.code.examples\l09.4.particle.effects\temp\link-cvtres.write.1.tlog
c:\users\sean orme\documents\github\cpsc.4377.code.examples\l09.4.particle.effects\temp\link-rc.read.1.tlog
c:\users\sean orme\documents\github\cpsc.4377.code.examples\l09.4.particle.effects\temp\link-rc.write.1.tlog
c:\users\sean orme\documents\github\cpsc.4377.code.examples\l09.4.particle.effects\temp\link.10048-cvtres.read.1.tlog
c:\users\sean orme\documents\github\cpsc.4377.code.examples\l09.4.particle.effects\temp\link.10048-cvtres.write.1.tlog
c:\users\sean orme\documents\github\cpsc.4377.code.examples\l09.4.particle.effects\temp\link.10048-rc.read.1.tlog
c:\users\sean orme\documents\github\cpsc.4377.code.examples\l09.4.particle.effects\temp\link.10048-rc.write.1.tlog
c:\users\sean orme\documents\github\cpsc.4377.code.examples\l09.4.particle.effects\temp\link.10048.read.1.tlog
c:\users\sean orme\documents\github\cpsc.4377.code.examples\l09.4.particle.effects\temp\link.10048.write.1.tlog
c:\users\sean orme\documents\github\cpsc.4377.code.examples\l09.4.particle.effects\temp\link.10200-cvtres.read.1.tlog
c:\users\sean orme\documents\github\cpsc.4377.code.examples\l09.4.particle.effects\temp\link.10200-cvtres.write.1.tlog
c:\users\sean orme\documents\github\cpsc.4377.code.examples\l09.4.particle.effects\temp\link.10200-rc.read.1.tlog
c:\users\sean orme\documents\github\cpsc.4377.code.examples\l09.4.particle.effects\temp\link.10200-rc.write.1.tlog
c:\users\sean orme\documents\github\cpsc.4377.code.examples\l09.4.particle.effects\temp\link.10200.read.1.tlog
c:\users\sean orme\documents\github\cpsc.4377.code.examples\l09.4.particle.effects\temp\link.10200.write.1.tlog
c:\users\sean orme\documents\github\cpsc.4377.code.examples\l09.4.particle.effects\temp\link.10468-cvtres.read.1.tlog
c:\users\sean orme\documents\github\cpsc.4377.code.examples\l09.4.particle.effects\temp\link.10468-cvtres.write.1.tlog
c:\users\sean orme\documents\github\cpsc.4377.code.examples\l09.4.particle.effects\temp\link.10468-rc.read.1.tlog
c:\users\sean orme\documents\github\cpsc.4377.code.examples\l09.4.particle.effects\temp\link.10468-rc.write.1.tlog
c:\users\sean orme\documents\github\cpsc.4377.code.examples\l09.4.particle.effects\temp\link.10468.read.1.tlog
c:\users\sean orme\documents\github\cpsc.4377.code.examples\l09.4.particle.effects\temp\link.10468.write.1.tlog
c:\users\sean orme\documents\github\cpsc.4377.code.examples\l09.4.particle.effects\temp\link.7396-cvtres.read.1.tlog
c:\users\sean orme\documents\github\cpsc.4377.code.examples\l09.4.particle.effects\temp\link.7396-cvtres.write.1.tlog
c:\users\sean orme\documents\github\cpsc.4377.code.examples\l09.4.particle.effects\temp\link.7396-rc.read.1.tlog
c:\users\sean orme\documents\github\cpsc.4377.code.examples\l09.4.particle.effects\temp\link.7396-rc.write.1.tlog
c:\users\sean orme\documents\github\cpsc.4377.code.examples\l09.4.particle.effects\temp\link.7396.read.1.tlog
c:\users\sean orme\documents\github\cpsc.4377.code.examples\l09.4.particle.effects\temp\link.7396.write.1.tlog
c:\users\sean orme\documents\github\cpsc.4377.code.examples\l09.4.particle.effects\temp\link.9416-cvtres.read.1.tlog
c:\users\sean orme\documents\github\cpsc.4377.code.examples\l09.4.particle.effects\temp\link.9416-cvtres.write.1.tlog
c:\users\sean orme\documents\github\cpsc.4377.code.examples\l09.4.particle.effects\temp\link.9416-rc.read.1.tlog
c:\users\sean orme\documents\github\cpsc.4377.code.examples\l09.4.particle.effects\temp\link.9416-rc.write.1.tlog
c:\users\sean orme\documents\github\cpsc.4377.code.examples\l09.4.particle.effects\temp\link.9416.read.1.tlog
c:\users\sean orme\documents\github\cpsc.4377.code.examples\l09.4.particle.effects\temp\link.9416.write.1.tlog
c:\users\sean orme\documents\github\cpsc.4377.code.examples\l09.4.particle.effects\temp\link.9856-cvtres.read.1.tlog
c:\users\sean orme\documents\github\cpsc.4377.code.examples\l09.4.particle.effects\temp\link.9856-cvtres.write.1.tlog
c:\users\sean orme\documents\github\cpsc.4377.code.examples\l09.4.particle.effects\temp\link.9856-rc.read.1.tlog
c:\users\sean orme\documents\github\cpsc.4377.code.examples\l09.4.particle.effects\temp\link.9856-rc.write.1.tlog
c:\users\sean orme\documents\github\cpsc.4377.code.examples\l09.4.particle.effects\temp\link.9856.read.1.tlog
c:\users\sean orme\documents\github\cpsc.4377.code.examples\l09.4.particle.effects\temp\link.9856.write.1.tlog
c:\users\sean orme\documents\github\cpsc.4377.code.examples\l09.4.particle.effects\temp\link.command.1.tlog
c:\users\sean orme\documents\github\cpsc.4377.code.examples\l09.4.particle.effects\temp\link.read.1.tlog
c:\users\sean orme\documents\github\cpsc.4377.code.examples\l09.4.particle.effects\temp\link.write.1.tlog
c:\users\sean orme\documents\github\cpsc.4377.code.examples\l09.4.particle.effects\temp\vc110.idb
c:\users\sean orme\documents\github\cpsc.4377.code.examples\l09.4.particle.effects\temp\vc141.idb
c:\users\sean orme\documents\github\cpsc.4377.code.examples\l09.4.particle.effects\temp\vc110.pdb
c:\users\sean orme\documents\github\cpsc.4377.code.examples\l09.4.particle.effects\temp\vc141.pdb
c:\users\sean orme\documents\github\cpsc.4377.code.examples\l09.4.particle.effects\temp\l09.4.pa.6c85a75d.tlog\cl.command.1.tlog
c:\users\sean orme\documents\github\cpsc.4377.code.examples\l09.4.particle.effects\temp\l09.4.pa.6c85a75d.tlog\cl.read.1.tlog
c:\users\sean orme\documents\github\cpsc.4377.code.examples\l09.4.particle.effects\temp\l09.4.pa.6c85a75d.tlog\cl.write.1.tlog
c:\users\sean orme\documents\github\cpsc.4377.code.examples\l09.4.particle.effects\temp\l09.4.pa.6c85a75d.tlog\l09.4.particle.effects.write.1u.tlog
c:\users\sean orme\documents\github\cpsc.4377.code.examples\l09.4.particle.effects\temp\l09.4.pa.6c85a75d.tlog\link.command.1.tlog
c:\users\sean orme\documents\github\cpsc.4377.code.examples\l09.4.particle.effects\temp\l09.4.pa.6c85a75d.tlog\link.delete.1.tlog
c:\users\sean orme\documents\github\cpsc.4377.code.examples\l09.4.particle.effects\temp\l09.4.pa.6c85a75d.tlog\link.read.1.tlog
c:\users\sean orme\documents\github\cpsc.4377.code.examples\l09.4.particle.effects\temp\l09.4.pa.6c85a75d.tlog\link.write.1.tlog
