Build started 4/24/2015 2:50:45 PM.
     1>Project "C:\Users\kabush\Documents\Visual Studio 2012\Projects\CPSC.4377.SDL2.Module.Examples\M7.SDL.Mixer.Simple\M7.SDL.Mixer.Simple.vcxproj" on node 2 (Build target(s)).
     1>PreBuildEvent:
         copy "C:\Users\kabush\Documents\Visual Studio 2012\Projects\CPSC.4377.SDL2.Module.Examples\M7.SDL.Mixer.Simple\ThirdParty\SDL2-2.0.3\lib\x86\*.dll" "C:\Users\kabush\Documents\Visual Studio 2012\Projects\CPSC.4377.SDL2.Module.Examples\M7.SDL.Mixer.Simple\"
         copy "C:\Users\kabush\Documents\Visual Studio 2012\Projects\CPSC.4377.SDL2.Module.Examples\M7.SDL.Mixer.Simple\ThirdParty\SDL2_image-2.0.0\lib\x86\*.dll" "C:\Users\kabush\Documents\Visual Studio 2012\Projects\CPSC.4377.SDL2.Module.Examples\M7.SDL.Mixer.Simple\"
         copy "C:\Users\kabush\Documents\Visual Studio 2012\Projects\CPSC.4377.SDL2.Module.Examples\M7.SDL.Mixer.Simple\ThirdParty\SDL2_mixer-2.0.0\lib\x86\*.dll" "C:\Users\kabush\Documents\Visual Studio 2012\Projects\CPSC.4377.SDL2.Module.Examples\M7.SDL.Mixer.Simple\"
         :VCEnd
         C:\Users\kabush\Documents\Visual Studio 2012\Projects\CPSC.4377.SDL2.Module.Examples\M7.SDL.Mixer.Simple\ThirdParty\SDL2-2.0.3\lib\x86\SDL2.dll
                 1 file(s) copied.
         C:\Users\kabush\Documents\Visual Studio 2012\Projects\CPSC.4377.SDL2.Module.Examples\M7.SDL.Mixer.Simple\ThirdParty\SDL2_image-2.0.0\lib\x86\libjpeg-9.dll
         C:\Users\kabush\Documents\Visual Studio 2012\Projects\CPSC.4377.SDL2.Module.Examples\M7.SDL.Mixer.Simple\ThirdParty\SDL2_image-2.0.0\lib\x86\libpng16-16.dll
         C:\Users\kabush\Documents\Visual Studio 2012\Projects\CPSC.4377.SDL2.Module.Examples\M7.SDL.Mixer.Simple\ThirdParty\SDL2_image-2.0.0\lib\x86\libtiff-5.dll
         C:\Users\kabush\Documents\Visual Studio 2012\Projects\CPSC.4377.SDL2.Module.Examples\M7.SDL.Mixer.Simple\ThirdParty\SDL2_image-2.0.0\lib\x86\libwebp-4.dll
         C:\Users\kabush\Documents\Visual Studio 2012\Projects\CPSC.4377.SDL2.Module.Examples\M7.SDL.Mixer.Simple\ThirdParty\SDL2_image-2.0.0\lib\x86\SDL2_image.dll
         C:\Users\kabush\Documents\Visual Studio 2012\Projects\CPSC.4377.SDL2.Module.Examples\M7.SDL.Mixer.Simple\ThirdParty\SDL2_image-2.0.0\lib\x86\zlib1.dll
                 6 file(s) copied.
         C:\Users\kabush\Documents\Visual Studio 2012\Projects\CPSC.4377.SDL2.Module.Examples\M7.SDL.Mixer.Simple\ThirdParty\SDL2_mixer-2.0.0\lib\x86\libFLAC-8.dll
         C:\Users\kabush\Documents\Visual Studio 2012\Projects\CPSC.4377.SDL2.Module.Examples\M7.SDL.Mixer.Simple\ThirdParty\SDL2_mixer-2.0.0\lib\x86\libmikmod-2.dll
         C:\Users\kabush\Documents\Visual Studio 2012\Projects\CPSC.4377.SDL2.Module.Examples\M7.SDL.Mixer.Simple\ThirdParty\SDL2_mixer-2.0.0\lib\x86\libmodplug-1.dll
         C:\Users\kabush\Documents\Visual Studio 2012\Projects\CPSC.4377.SDL2.Module.Examples\M7.SDL.Mixer.Simple\ThirdParty\SDL2_mixer-2.0.0\lib\x86\libogg-0.dll
         C:\Users\kabush\Documents\Visual Studio 2012\Projects\CPSC.4377.SDL2.Module.Examples\M7.SDL.Mixer.Simple\ThirdParty\SDL2_mixer-2.0.0\lib\x86\libvorbis-0.dll
         C:\Users\kabush\Documents\Visual Studio 2012\Projects\CPSC.4377.SDL2.Module.Examples\M7.SDL.Mixer.Simple\ThirdParty\SDL2_mixer-2.0.0\lib\x86\libvorbisfile-3.dll
         C:\Users\kabush\Documents\Visual Studio 2012\Projects\CPSC.4377.SDL2.Module.Examples\M7.SDL.Mixer.Simple\ThirdParty\SDL2_mixer-2.0.0\lib\x86\SDL2_mixer.dll
         C:\Users\kabush\Documents\Visual Studio 2012\Projects\CPSC.4377.SDL2.Module.Examples\M7.SDL.Mixer.Simple\ThirdParty\SDL2_mixer-2.0.0\lib\x86\smpeg2.dll
                 8 file(s) copied.
       ClCompile:
         C:\Program Files (x86)\Microsoft Visual Studio 11.0\VC\bin\CL.exe /c /ZI /nologo /W3 /WX- /sdl /Od /Oy- /D _MBCS /Gm /EHsc /RTC1 /MD /GS /fp:precise /Zc:wchar_t /Zc:forScope /Fo"C:\Users\kabush\Documents\Visual Studio 2012\Projects\CPSC.4377.SDL2.Module.Examples\M7.SDL.Mixer.Simple\Temp\\" /Fd"C:\Users\kabush\Documents\Visual Studio 2012\Projects\CPSC.4377.SDL2.Module.Examples\M7.SDL.Mixer.Simple\Temp\vc110.pdb" /Gd /TP /analyze- /errorReport:prompt Source\Source.cpp
         Source.cpp
       Link:
         C:\Program Files (x86)\Microsoft Visual Studio 11.0\VC\bin\link.exe /ERRORREPORT:PROMPT /OUT:"C:\Users\kabush\Documents\Visual Studio 2012\Projects\CPSC.4377.SDL2.Module.Examples\M7.SDL.Mixer.Simple\Game\M7.SDL.Mixer.Simple.exe" /INCREMENTAL /NOLOGO SDL2.lib SDL2main.lib SDL2_image.lib SDL2_mixer.lib kernel32.lib user32.lib gdi32.lib winspool.lib comdlg32.lib advapi32.lib shell32.lib ole32.lib oleaut32.lib uuid.lib odbc32.lib odbccp32.lib /MANIFEST /MANIFESTUAC:"level='asInvoker' uiAccess='false'" /manifest:embed /DEBUG /PDB:"C:\Users\kabush\Documents\Visual Studio 2012\Projects\CPSC.4377.SDL2.Module.Examples\M7.SDL.Mixer.Simple\Game\M7.SDL.Mixer.Simple.pdb" /SUBSYSTEM:CONSOLE /TLBID:1 /DYNAMICBASE /NXCOMPAT /IMPLIB:"C:\Users\kabush\Documents\Visual Studio 2012\Projects\CPSC.4377.SDL2.Module.Examples\M7.SDL.Mixer.Simple\Game\M7.SDL.Mixer.Simple.lib" /MACHINE:X86 "C:\Users\kabush\Documents\Visual Studio 2012\Projects\CPSC.4377.SDL2.Module.Examples\M7.SDL.Mixer.Simple\Temp\GameObject.obj"
         "C:\Users\kabush\Documents\Visual Studio 2012\Projects\CPSC.4377.SDL2.Module.Examples\M7.SDL.Mixer.Simple\Temp\GraphicsDevice.obj"
         "C:\Users\kabush\Documents\Visual Studio 2012\Projects\CPSC.4377.SDL2.Module.Examples\M7.SDL.Mixer.Simple\Temp\Source.obj"
         "C:\Users\kabush\Documents\Visual Studio 2012\Projects\CPSC.4377.SDL2.Module.Examples\M7.SDL.Mixer.Simple\Temp\Texture.obj"
         "C:\Users\kabush\Documents\Visual Studio 2012\Projects\CPSC.4377.SDL2.Module.Examples\M7.SDL.Mixer.Simple\Temp\Timer.obj"
         M7.SDL.Mixer.Simple.vcxproj -> C:\Users\kabush\Documents\Visual Studio 2012\Projects\CPSC.4377.SDL2.Module.Examples\M7.SDL.Mixer.Simple\Game\M7.SDL.Mixer.Simple.exe
       PostBuildEvent:
         move "C:\Users\kabush\Documents\Visual Studio 2012\Projects\CPSC.4377.SDL2.Module.Examples\M7.SDL.Mixer.Simple\*.dll" "C:\Users\kabush\Documents\Visual Studio 2012\Projects\CPSC.4377.SDL2.Module.Examples\M7.SDL.Mixer.Simple\Game";
         xcopy "Assets" "C:\Users\kabush\Documents\Visual Studio 2012\Projects\CPSC.4377.SDL2.Module.Examples\M7.SDL.Mixer.Simple\Game\Assets" /E /I /F /Y
         :VCEnd
         C:\Users\kabush\Documents\Visual Studio 2012\Projects\CPSC.4377.SDL2.Module.Examples\M7.SDL.Mixer.Simple\libFLAC-8.dll
         C:\Users\kabush\Documents\Visual Studio 2012\Projects\CPSC.4377.SDL2.Module.Examples\M7.SDL.Mixer.Simple\libjpeg-9.dll
         C:\Users\kabush\Documents\Visual Studio 2012\Projects\CPSC.4377.SDL2.Module.Examples\M7.SDL.Mixer.Simple\libmikmod-2.dll
         C:\Users\kabush\Documents\Visual Studio 2012\Projects\CPSC.4377.SDL2.Module.Examples\M7.SDL.Mixer.Simple\libmodplug-1.dll
         C:\Users\kabush\Documents\Visual Studio 2012\Projects\CPSC.4377.SDL2.Module.Examples\M7.SDL.Mixer.Simple\libogg-0.dll
         C:\Users\kabush\Documents\Visual Studio 2012\Projects\CPSC.4377.SDL2.Module.Examples\M7.SDL.Mixer.Simple\libpng16-16.dll
         C:\Users\kabush\Documents\Visual Studio 2012\Projects\CPSC.4377.SDL2.Module.Examples\M7.SDL.Mixer.Simple\libtiff-5.dll
         C:\Users\kabush\Documents\Visual Studio 2012\Projects\CPSC.4377.SDL2.Module.Examples\M7.SDL.Mixer.Simple\libvorbis-0.dll
         C:\Users\kabush\Documents\Visual Studio 2012\Projects\CPSC.4377.SDL2.Module.Examples\M7.SDL.Mixer.Simple\libvorbisfile-3.dll
         C:\Users\kabush\Documents\Visual Studio 2012\Projects\CPSC.4377.SDL2.Module.Examples\M7.SDL.Mixer.Simple\libwebp-4.dll
         C:\Users\kabush\Documents\Visual Studio 2012\Projects\CPSC.4377.SDL2.Module.Examples\M7.SDL.Mixer.Simple\SDL2.dll
         C:\Users\kabush\Documents\Visual Studio 2012\Projects\CPSC.4377.SDL2.Module.Examples\M7.SDL.Mixer.Simple\SDL2_image.dll
         C:\Users\kabush\Documents\Visual Studio 2012\Projects\CPSC.4377.SDL2.Module.Examples\M7.SDL.Mixer.Simple\SDL2_mixer.dll
         C:\Users\kabush\Documents\Visual Studio 2012\Projects\CPSC.4377.SDL2.Module.Examples\M7.SDL.Mixer.Simple\smpeg2.dll
         C:\Users\kabush\Documents\Visual Studio 2012\Projects\CPSC.4377.SDL2.Module.Examples\M7.SDL.Mixer.Simple\zlib1.dll
                15 file(s) moved.
         C:\Users\kabush\Documents\Visual Studio 2012\Projects\CPSC.4377.SDL2.Module.Examples\M7.SDL.Mixer.Simple\Assets\Images\PlayerPaper.png -> C:\Users\kabush\Documents\Visual Studio 2012\Projects\CPSC.4377.SDL2.Module.Examples\M7.SDL.Mixer.Simple\Game\Assets\Images\PlayerPaper.png
         C:\Users\kabush\Documents\Visual Studio 2012\Projects\CPSC.4377.SDL2.Module.Examples\M7.SDL.Mixer.Simple\Assets\Sounds\beat.wav -> C:\Users\kabush\Documents\Visual Studio 2012\Projects\CPSC.4377.SDL2.Module.Examples\M7.SDL.Mixer.Simple\Game\Assets\Sounds\beat.wav
         C:\Users\kabush\Documents\Visual Studio 2012\Projects\CPSC.4377.SDL2.Module.Examples\M7.SDL.Mixer.Simple\Assets\Sounds\high.wav -> C:\Users\kabush\Documents\Visual Studio 2012\Projects\CPSC.4377.SDL2.Module.Examples\M7.SDL.Mixer.Simple\Game\Assets\Sounds\high.wav
         C:\Users\kabush\Documents\Visual Studio 2012\Projects\CPSC.4377.SDL2.Module.Examples\M7.SDL.Mixer.Simple\Assets\Sounds\scratch.wav -> C:\Users\kabush\Documents\Visual Studio 2012\Projects\CPSC.4377.SDL2.Module.Examples\M7.SDL.Mixer.Simple\Game\Assets\Sounds\scratch.wav
         4 File(s) copied
     1>Done Building Project "C:\Users\kabush\Documents\Visual Studio 2012\Projects\CPSC.4377.SDL2.Module.Examples\M7.SDL.Mixer.Simple\M7.SDL.Mixer.Simple.vcxproj" (Build target(s)).

Build succeeded.

Time Elapsed 00:00:00.97
