c:\users\kabush\documents\visual studio 2012\projects\cpsc.4399.module.examples\m1.tinyxmldemoadvanced\debug\main.obj
c:\users\kabush\documents\visual studio 2012\projects\cpsc.4399.module.examples\m1.tinyxmldemoadvanced\debug\tinystr.obj
c:\users\kabush\documents\visual studio 2012\projects\cpsc.4399.module.examples\m1.tinyxmldemoadvanced\debug\tinyxml.obj
c:\users\kabush\documents\visual studio 2012\projects\cpsc.4399.module.examples\m1.tinyxmldemoadvanced\debug\tinyxmlerror.obj
c:\users\kabush\documents\visual studio 2012\projects\cpsc.4399.module.examples\m1.tinyxmldemoadvanced\debug\tinyxmlparser.obj
c:\users\kabush\documents\visual studio 2012\projects\cpsc.4399.module.examples\m1.tinyxmldemoadvanced\debug\vc110.pdb
c:\users\kabush\documents\visual studio 2012\projects\cpsc.4399.module.examples\debug\m1.tinyxmldemoadvanced.ilk
c:\users\kabush\documents\visual studio 2012\projects\cpsc.4399.module.examples\debug\m1.tinyxmldemoadvanced.exe
c:\users\kabush\documents\visual studio 2012\projects\cpsc.4399.module.examples\debug\m1.tinyxmldemoadvanced.pdb
c:\users\sean orme\documents\github\cpsc.4377.code.examples\l03.3.tinyxmldemoadvanced\debug\vc140.pdb
c:\users\sean orme\documents\github\cpsc.4377.code.examples\l03.3.tinyxmldemoadvanced\debug\vc140.idb
c:\users\sean orme\documents\github\cpsc.4377.code.examples\l03.3.tinyxmldemoadvanced\debug\main.obj
c:\users\sean orme\documents\github\cpsc.4377.code.examples\l03.3.tinyxmldemoadvanced\debug\tinyxml2.obj
c:\users\sean orme\documents\github\cpsc.4377.code.examples\debug\l03.3.tinyxmldemoadvanced.ilk
c:\users\sean orme\documents\github\cpsc.4377.code.examples\debug\l03.3.tinyxmldemoadvanced.exe
c:\users\sean orme\documents\github\cpsc.4377.code.examples\debug\l03.3.tinyxmldemoadvanced.pdb
c:\users\sean orme\documents\github\cpsc.4377.code.examples\l03.3.tinyxmldemoadvanced\debug\tinystr.obj
c:\users\sean orme\documents\github\cpsc.4377.code.examples\l03.3.tinyxmldemoadvanced\debug\tinyxml.obj
c:\users\sean orme\documents\github\cpsc.4377.code.examples\l03.3.tinyxmldemoadvanced\debug\tinyxmlerror.obj
c:\users\sean orme\documents\github\cpsc.4377.code.examples\l03.3.tinyxmldemoadvanced\debug\tinyxmlparser.obj
c:\users\sean orme\documents\github\cpsc.4377.code.examples\l03.3.tinyxmldemoadvanced\debug\cl.command.1.tlog
c:\users\sean orme\documents\github\cpsc.4377.code.examples\l03.3.tinyxmldemoadvanced\debug\cl.read.1.tlog
c:\users\sean orme\documents\github\cpsc.4377.code.examples\l03.3.tinyxmldemoadvanced\debug\cl.write.1.tlog
c:\users\sean orme\documents\github\cpsc.4377.code.examples\l03.3.tinyxmldemoadvanced\debug\link-cvtres.read.1.tlog
c:\users\sean orme\documents\github\cpsc.4377.code.examples\l03.3.tinyxmldemoadvanced\debug\link-cvtres.write.1.tlog
c:\users\sean orme\documents\github\cpsc.4377.code.examples\l03.3.tinyxmldemoadvanced\debug\link-rc.read.1.tlog
c:\users\sean orme\documents\github\cpsc.4377.code.examples\l03.3.tinyxmldemoadvanced\debug\link-rc.write.1.tlog
c:\users\sean orme\documents\github\cpsc.4377.code.examples\l03.3.tinyxmldemoadvanced\debug\link.command.1.tlog
c:\users\sean orme\documents\github\cpsc.4377.code.examples\l03.3.tinyxmldemoadvanced\debug\link.read.1.tlog
c:\users\sean orme\documents\github\cpsc.4377.code.examples\l03.3.tinyxmldemoadvanced\debug\link.write.1.tlog
c:\users\sean orme\documents\github\cpsc.4377.code.examples\l03.3.tinyxmldemoadvanced\debug\vc110.idb
c:\users\sean orme\documents\github\cpsc.4377.code.examples\l03.3.tinyxmldemoadvanced\debug\vc110.pdb
c:\users\sean orme\documents\github\cpsc.4377.code.examples\l03.3.tinyxmldemoadvanced\debug\l03.3.ti.f385bd73.tlog\cl.command.1.tlog
c:\users\sean orme\documents\github\cpsc.4377.code.examples\l03.3.tinyxmldemoadvanced\debug\l03.3.ti.f385bd73.tlog\cl.read.1.tlog
c:\users\sean orme\documents\github\cpsc.4377.code.examples\l03.3.tinyxmldemoadvanced\debug\l03.3.ti.f385bd73.tlog\cl.write.1.tlog
c:\users\sean orme\documents\github\cpsc.4377.code.examples\l03.3.tinyxmldemoadvanced\debug\l03.3.ti.f385bd73.tlog\link.command.1.tlog
c:\users\sean orme\documents\github\cpsc.4377.code.examples\l03.3.tinyxmldemoadvanced\debug\l03.3.ti.f385bd73.tlog\link.read.1.tlog
c:\users\sean orme\documents\github\cpsc.4377.code.examples\l03.3.tinyxmldemoadvanced\debug\l03.3.ti.f385bd73.tlog\link.write.1.tlog
