Build started 2/4/2015 10:13:26 AM.
     1>Project "C:\Users\kabush\Documents\Visual Studio 2012\Projects\CPSC.4399.Module.Examples\M1.TinyXMLDemo\M1.TinyXMLDemo.vcxproj" on node 2 (Build target(s)).
     1>ClCompile:
         C:\Program Files (x86)\Microsoft Visual Studio 11.0\VC\bin\CL.exe /c /Zi /nologo /W3 /WX- /sdl /O2 /Oi /Oy- /GL /D _MBCS /Gm- /EHsc /MD /GS /Gy /fp:precise /Zc:wchar_t /Zc:forScope /Fo"Release\\" /Fd"Release\vc110.pdb" /Gd /TP /analyze- /errorReport:prompt main.cpp ParamSettings.cpp tinystr.cpp tinyxml.cpp tinyxmlerror.cpp tinyxmlparser.cpp
         main.cpp
         ParamSettings.cpp
         tinystr.cpp
         tinyxml.cpp
         tinyxmlerror.cpp
         tinyxmlparser.cpp
       Link:
         C:\Program Files (x86)\Microsoft Visual Studio 11.0\VC\bin\link.exe /ERRORREPORT:PROMPT /OUT:"C:\Users\kabush\Documents\Visual Studio 2012\Projects\CPSC.4399.Module.Examples\Release\M1.TinyXMLDemo.exe" /NOLOGO kernel32.lib user32.lib gdi32.lib winspool.lib comdlg32.lib advapi32.lib shell32.lib ole32.lib oleaut32.lib uuid.lib odbc32.lib odbccp32.lib /MANIFEST /MANIFESTUAC:"level='asInvoker' uiAccess='false'" /manifest:embed /DEBUG /PDB:"C:\Users\kabush\Documents\Visual Studio 2012\Projects\CPSC.4399.Module.Examples\Release\M1.TinyXMLDemo.pdb" /OPT:REF /OPT:ICF /LTCG /TLBID:1 /DYNAMICBASE /NXCOMPAT /IMPLIB:"C:\Users\kabush\Documents\Visual Studio 2012\Projects\CPSC.4399.Module.Examples\Release\M1.TinyXMLDemo.lib" /MACHINE:X86 /SAFESEH Release\main.obj
         Release\ParamSettings.obj
         Release\tinystr.obj
         Release\tinyxml.obj
         Release\tinyxmlerror.obj
         Release\tinyxmlparser.obj
         Generating code
         Finished generating code
         M1.TinyXMLDemo.vcxproj -> C:\Users\kabush\Documents\Visual Studio 2012\Projects\CPSC.4399.Module.Examples\Release\M1.TinyXMLDemo.exe
     1>Done Building Project "C:\Users\kabush\Documents\Visual Studio 2012\Projects\CPSC.4399.Module.Examples\M1.TinyXMLDemo\M1.TinyXMLDemo.vcxproj" (Build target(s)).

Build succeeded.

Time Elapsed 00:00:03.85
