c:\users\ormeskirk\documents\github\cpsc.4377.code.examples\l08.1.npc.behavior.tree\temp\vc140.pdb
c:\users\ormeskirk\documents\github\cpsc.4377.code.examples\l08.1.npc.behavior.tree\temp\vc140.idb
c:\users\ormeskirk\documents\github\cpsc.4377.code.examples\l08.1.npc.behavior.tree\temp\component.obj
c:\users\ormeskirk\documents\github\cpsc.4377.code.examples\l08.1.npc.behavior.tree\temp\gameobject.obj
c:\users\ormeskirk\documents\github\cpsc.4377.code.examples\l08.1.npc.behavior.tree\temp\graphicsdevice.obj
c:\users\ormeskirk\documents\github\cpsc.4377.code.examples\l08.1.npc.behavior.tree\temp\spritecomponent.obj
c:\users\ormeskirk\documents\github\cpsc.4377.code.examples\l08.1.npc.behavior.tree\temp\texture.obj
c:\users\ormeskirk\documents\github\cpsc.4377.code.examples\l08.1.npc.behavior.tree\temp\timer.obj
c:\users\ormeskirk\documents\github\cpsc.4377.code.examples\l08.1.npc.behavior.tree\temp\userinputcomponent.obj
c:\users\sean orme\documents\github\cpsc.4377.code.examples\l08.1.npc.behavior.tree\temp\component.obj
c:\users\sean orme\documents\github\cpsc.4377.code.examples\l08.1.npc.behavior.tree\temp\gameobject.obj
c:\users\sean orme\documents\github\cpsc.4377.code.examples\l08.1.npc.behavior.tree\temp\graphicsdevice.obj
c:\users\sean orme\documents\github\cpsc.4377.code.examples\l08.1.npc.behavior.tree\temp\spritecomponent.obj
c:\users\sean orme\documents\github\cpsc.4377.code.examples\l08.1.npc.behavior.tree\temp\texture.obj
c:\users\sean orme\documents\github\cpsc.4377.code.examples\l08.1.npc.behavior.tree\temp\timer.obj
c:\users\sean orme\documents\github\cpsc.4377.code.examples\l08.1.npc.behavior.tree\temp\userinputcomponent.obj
c:\users\sean orme\documents\github\cpsc.4377.code.examples\l08.1.npc.behavior.tree\temp\vc140.idb
c:\users\sean orme\documents\github\cpsc.4377.code.examples\l08.1.npc.behavior.tree\temp\vc140.pdb
c:\users\sean orme\documents\github\cpsc.4377.code.examples\l08.1.npc.behavior.tree\temp\l08.1.np.7ef6afcb.tlog\cl.command.1.tlog
c:\users\sean orme\documents\github\cpsc.4377.code.examples\l08.1.npc.behavior.tree\temp\l08.1.np.7ef6afcb.tlog\cl.read.1.tlog
c:\users\sean orme\documents\github\cpsc.4377.code.examples\l08.1.npc.behavior.tree\temp\l08.1.np.7ef6afcb.tlog\cl.write.1.tlog
