c:\users\sean orme\google drive\cpsc 4377\code examples\l04.5.sdl2.mouseinput\temp\vc140.pdb
c:\users\sean orme\google drive\cpsc 4377\code examples\l04.5.sdl2.mouseinput\temp\vc140.idb
c:\users\sean orme\google drive\cpsc 4377\code examples\l04.5.sdl2.mouseinput\temp\gameobject.obj
c:\users\sean orme\google drive\cpsc 4377\code examples\l04.5.sdl2.mouseinput\temp\graphicsdevice.obj
c:\users\sean orme\google drive\cpsc 4377\code examples\l04.5.sdl2.mouseinput\temp\source.obj
c:\users\sean orme\google drive\cpsc 4377\code examples\l04.5.sdl2.mouseinput\temp\texture.obj
c:\users\sean orme\google drive\cpsc 4377\code examples\l04.5.sdl2.mouseinput\temp\timer.obj
c:\users\sean orme\documents\github\cpsc.4377.code.examples\l04.5.sdl2.mouseinput\temp\vc140.pdb
c:\users\sean orme\documents\github\cpsc.4377.code.examples\l04.5.sdl2.mouseinput\temp\vc140.idb
c:\users\sean orme\documents\github\cpsc.4377.code.examples\l04.5.sdl2.mouseinput\temp\gameobject.obj
c:\users\sean orme\documents\github\cpsc.4377.code.examples\l04.5.sdl2.mouseinput\temp\graphicsdevice.obj
c:\users\sean orme\documents\github\cpsc.4377.code.examples\l04.5.sdl2.mouseinput\temp\source.obj
c:\users\sean orme\documents\github\cpsc.4377.code.examples\l04.5.sdl2.mouseinput\temp\texture.obj
c:\users\sean orme\documents\github\cpsc.4377.code.examples\l04.5.sdl2.mouseinput\temp\timer.obj
c:\users\sean orme\google drive\cpsc 4377\code examples\l04.5.sdl2.mouseinput\game\l04.5.sdl2.mouseinput.lib
c:\users\sean orme\google drive\cpsc 4377\code examples\l04.5.sdl2.mouseinput\game\l04.5.sdl2.mouseinput.exp
c:\users\sean orme\documents\github\cpsc.4377.code.examples\l04.5.sdl2.mouseinput\game\l04.5.sdl2.mouseinput.lib
c:\users\sean orme\documents\github\cpsc.4377.code.examples\l04.5.sdl2.mouseinput\game\l04.5.sdl2.mouseinput.exp
c:\users\sean orme\google drive\cpsc 4377\code examples\l04.5.sdl2.mouseinput\game\l04.5.sdl2.mouseinput.ilk
c:\users\sean orme\google drive\cpsc 4377\code examples\l04.5.sdl2.mouseinput\game\l04.5.sdl2.mouseinput.exe
c:\users\sean orme\google drive\cpsc 4377\code examples\l04.5.sdl2.mouseinput\game\l04.5.sdl2.mouseinput.pdb
c:\users\sean orme\documents\github\cpsc.4377.code.examples\l04.5.sdl2.mouseinput\game\l04.5.sdl2.mouseinput.ilk
c:\users\sean orme\documents\github\cpsc.4377.code.examples\l04.5.sdl2.mouseinput\game\l04.5.sdl2.mouseinput.exe
c:\users\sean orme\documents\github\cpsc.4377.code.examples\l04.5.sdl2.mouseinput\game\l04.5.sdl2.mouseinput.pdb
c:\users\sean orme\documents\github\cpsc.4377.code.examples\l04.5.sdl2.mouseinput\temp\l04.5.sd.c79efbf2.tlog\cl.command.1.tlog
c:\users\sean orme\documents\github\cpsc.4377.code.examples\l04.5.sdl2.mouseinput\temp\l04.5.sd.c79efbf2.tlog\cl.read.1.tlog
c:\users\sean orme\documents\github\cpsc.4377.code.examples\l04.5.sdl2.mouseinput\temp\l04.5.sd.c79efbf2.tlog\cl.write.1.tlog
c:\users\sean orme\documents\github\cpsc.4377.code.examples\l04.5.sdl2.mouseinput\temp\l04.5.sd.c79efbf2.tlog\l04.5.sdl2.mouseinput.write.1u.tlog
c:\users\sean orme\documents\github\cpsc.4377.code.examples\l04.5.sdl2.mouseinput\temp\l04.5.sd.c79efbf2.tlog\link.command.1.tlog
c:\users\sean orme\documents\github\cpsc.4377.code.examples\l04.5.sdl2.mouseinput\temp\l04.5.sd.c79efbf2.tlog\link.read.1.tlog
c:\users\sean orme\documents\github\cpsc.4377.code.examples\l04.5.sdl2.mouseinput\temp\l04.5.sd.c79efbf2.tlog\link.write.1.tlog
