c:\users\kabush\documents\visual studio 2012\projects\cpsc.4399.module.examples\m1.tinyxmldemo\debug\main.obj
c:\users\kabush\documents\visual studio 2012\projects\cpsc.4399.module.examples\m1.tinyxmldemo\debug\paramsettings.obj
c:\users\kabush\documents\visual studio 2012\projects\cpsc.4399.module.examples\m1.tinyxmldemo\debug\tinystr.obj
c:\users\kabush\documents\visual studio 2012\projects\cpsc.4399.module.examples\m1.tinyxmldemo\debug\tinyxml.obj
c:\users\kabush\documents\visual studio 2012\projects\cpsc.4399.module.examples\m1.tinyxmldemo\debug\tinyxmlerror.obj
c:\users\kabush\documents\visual studio 2012\projects\cpsc.4399.module.examples\m1.tinyxmldemo\debug\tinyxmlparser.obj
c:\users\kabush\documents\visual studio 2012\projects\cpsc.4399.module.examples\m1.tinyxmldemo\debug\vc110.pdb
c:\users\kabush\documents\visual studio 2012\projects\cpsc.4377.sdl2.module.examples\m1.tinyxmldemo\debug\main.obj
c:\users\kabush\documents\visual studio 2012\projects\cpsc.4377.sdl2.module.examples\m1.tinyxmldemo\debug\paramsettings.obj
c:\users\kabush\documents\visual studio 2012\projects\cpsc.4377.sdl2.module.examples\m1.tinyxmldemo\debug\tinystr.obj
c:\users\kabush\documents\visual studio 2012\projects\cpsc.4377.sdl2.module.examples\m1.tinyxmldemo\debug\tinyxml.obj
c:\users\kabush\documents\visual studio 2012\projects\cpsc.4377.sdl2.module.examples\m1.tinyxmldemo\debug\tinyxmlerror.obj
c:\users\kabush\documents\visual studio 2012\projects\cpsc.4377.sdl2.module.examples\m1.tinyxmldemo\debug\tinyxmlparser.obj
c:\users\kabush\documents\visual studio 2012\projects\cpsc.4377.sdl2.module.examples\m1.tinyxmldemo\debug\vc110.pdb
c:\users\kabush\documents\visual studio 2012\projects\cpsc.4399.module.examples\debug\m1.tinyxmldemo.ilk
c:\users\kabush\documents\visual studio 2012\projects\cpsc.4399.module.examples\debug\m1.tinyxmldemo.exe
c:\users\kabush\documents\visual studio 2012\projects\cpsc.4399.module.examples\debug\m1.tinyxmldemo.pdb
c:\users\kabush\documents\visual studio 2012\projects\cpsc.4377.sdl2.module.examples\debug\m1.tinyxmldemo.ilk
c:\users\kabush\documents\visual studio 2012\projects\cpsc.4377.sdl2.module.examples\debug\m1.tinyxmldemo.exe
c:\users\kabush\documents\visual studio 2012\projects\cpsc.4377.sdl2.module.examples\debug\m1.tinyxmldemo.pdb
c:\users\sean orme\documents\github\cpsc.4377.code.examples\l03.2.tinyxmldemo\debug\vc140.pdb
c:\users\sean orme\documents\github\cpsc.4377.code.examples\l03.2.tinyxmldemo\debug\vc140.idb
c:\users\sean orme\documents\github\cpsc.4377.code.examples\l03.2.tinyxmldemo\debug\main.obj
c:\users\sean orme\documents\github\cpsc.4377.code.examples\l03.2.tinyxmldemo\debug\paramsettings.obj
c:\users\sean orme\documents\github\cpsc.4377.code.examples\l03.2.tinyxmldemo\debug\tinyxml2.obj
c:\users\sean orme\documents\github\cpsc.4377.code.examples\debug\l03.2.tinyxmldemo.ilk
c:\users\sean orme\documents\github\cpsc.4377.code.examples\debug\l03.2.tinyxmldemo.exe
c:\users\sean orme\documents\github\cpsc.4377.code.examples\debug\l03.2.tinyxmldemo.pdb
c:\users\sean orme\documents\github\cpsc.4377.code.examples\l03.2.tinyxmldemo\debug\tinystr.obj
c:\users\sean orme\documents\github\cpsc.4377.code.examples\l03.2.tinyxmldemo\debug\tinyxml.obj
c:\users\sean orme\documents\github\cpsc.4377.code.examples\l03.2.tinyxmldemo\debug\tinyxmlerror.obj
c:\users\sean orme\documents\github\cpsc.4377.code.examples\l03.2.tinyxmldemo\debug\tinyxmlparser.obj
c:\users\sean orme\documents\github\cpsc.4377.code.examples\l03.2.tinyxmldemo\debug\cl.command.1.tlog
c:\users\sean orme\documents\github\cpsc.4377.code.examples\l03.2.tinyxmldemo\debug\cl.read.1.tlog
c:\users\sean orme\documents\github\cpsc.4377.code.examples\l03.2.tinyxmldemo\debug\cl.write.1.tlog
c:\users\sean orme\documents\github\cpsc.4377.code.examples\l03.2.tinyxmldemo\debug\link-cvtres.read.1.tlog
c:\users\sean orme\documents\github\cpsc.4377.code.examples\l03.2.tinyxmldemo\debug\link-cvtres.write.1.tlog
c:\users\sean orme\documents\github\cpsc.4377.code.examples\l03.2.tinyxmldemo\debug\link-rc.read.1.tlog
c:\users\sean orme\documents\github\cpsc.4377.code.examples\l03.2.tinyxmldemo\debug\link-rc.write.1.tlog
c:\users\sean orme\documents\github\cpsc.4377.code.examples\l03.2.tinyxmldemo\debug\link.command.1.tlog
c:\users\sean orme\documents\github\cpsc.4377.code.examples\l03.2.tinyxmldemo\debug\link.read.1.tlog
c:\users\sean orme\documents\github\cpsc.4377.code.examples\l03.2.tinyxmldemo\debug\link.write.1.tlog
c:\users\sean orme\documents\github\cpsc.4377.code.examples\l03.2.tinyxmldemo\debug\vc110.idb
c:\users\sean orme\documents\github\cpsc.4377.code.examples\l03.2.tinyxmldemo\debug\vc110.pdb
c:\users\sean orme\documents\github\cpsc.4377.code.examples\l03.2.tinyxmldemo\debug\l03.2.ti.6a32e86f.tlog\cl.command.1.tlog
c:\users\sean orme\documents\github\cpsc.4377.code.examples\l03.2.tinyxmldemo\debug\l03.2.ti.6a32e86f.tlog\cl.read.1.tlog
c:\users\sean orme\documents\github\cpsc.4377.code.examples\l03.2.tinyxmldemo\debug\l03.2.ti.6a32e86f.tlog\cl.write.1.tlog
c:\users\sean orme\documents\github\cpsc.4377.code.examples\l03.2.tinyxmldemo\debug\l03.2.ti.6a32e86f.tlog\link.command.1.tlog
c:\users\sean orme\documents\github\cpsc.4377.code.examples\l03.2.tinyxmldemo\debug\l03.2.ti.6a32e86f.tlog\link.read.1.tlog
c:\users\sean orme\documents\github\cpsc.4377.code.examples\l03.2.tinyxmldemo\debug\l03.2.ti.6a32e86f.tlog\link.write.1.tlog
