c:\users\sean orme\google drive\cpsc 4377\code examples\l04.2.sdl2.sprites\temp\vc140.pdb
c:\users\sean orme\google drive\cpsc 4377\code examples\l04.2.sdl2.sprites\temp\vc140.idb
c:\users\sean orme\google drive\cpsc 4377\code examples\l04.2.sdl2.sprites\temp\gameobject.obj
c:\users\sean orme\google drive\cpsc 4377\code examples\l04.2.sdl2.sprites\temp\graphicsdevice.obj
c:\users\sean orme\google drive\cpsc 4377\code examples\l04.2.sdl2.sprites\temp\sdl2.spites.obj
c:\users\sean orme\google drive\cpsc 4377\code examples\l04.2.sdl2.sprites\temp\texture.obj
c:\users\sean orme\google drive\cpsc 4377\code examples\l04.2.sdl2.sprites\temp\source.obj
c:\users\sean orme\documents\github\cpsc.4377.code.examples\l04.2.sdl2.sprites\temp\vc140.pdb
c:\users\sean orme\documents\github\cpsc.4377.code.examples\l04.2.sdl2.sprites\temp\vc140.idb
c:\users\sean orme\documents\github\cpsc.4377.code.examples\l04.2.sdl2.sprites\temp\gameobject.obj
c:\users\sean orme\documents\github\cpsc.4377.code.examples\l04.2.sdl2.sprites\temp\graphicsdevice.obj
c:\users\sean orme\documents\github\cpsc.4377.code.examples\l04.2.sdl2.sprites\temp\source.obj
c:\users\sean orme\documents\github\cpsc.4377.code.examples\l04.2.sdl2.sprites\temp\texture.obj
c:\users\sean orme\google drive\cpsc 4377\code examples\l04.2.sdl2.sprites\game\l04.2.sdl2.sprites.lib
c:\users\sean orme\google drive\cpsc 4377\code examples\l04.2.sdl2.sprites\game\l04.2.sdl2.sprites.exp
c:\users\sean orme\documents\github\cpsc.4377.code.examples\l04.2.sdl2.sprites\game\l04.2.sdl2.sprites.lib
c:\users\sean orme\documents\github\cpsc.4377.code.examples\l04.2.sdl2.sprites\game\l04.2.sdl2.sprites.exp
c:\users\sean orme\google drive\cpsc 4377\code examples\l04.2.sdl2.sprites\game\l04.2.sdl2.sprites.ilk
c:\users\sean orme\google drive\cpsc 4377\code examples\l04.2.sdl2.sprites\game\l04.2.sdl2.sprites.exe
c:\users\sean orme\google drive\cpsc 4377\code examples\l04.2.sdl2.sprites\game\l04.2.sdl2.sprites.pdb
c:\users\sean orme\documents\github\cpsc.4377.code.examples\l04.2.sdl2.sprites\game\l04.2.sdl2.sprites.ilk
c:\users\sean orme\documents\github\cpsc.4377.code.examples\l04.2.sdl2.sprites\game\l04.2.sdl2.sprites.exe
c:\users\sean orme\documents\github\cpsc.4377.code.examples\l04.2.sdl2.sprites\game\l04.2.sdl2.sprites.pdb
c:\users\sean orme\documents\github\cpsc.4377.code.examples\l04.2.sdl2.sprites\temp\sdl2.spites.obj
c:\users\sean orme\documents\github\cpsc.4377.code.examples\l04.2.sdl2.sprites\temp\l04.2.sd.8937fcd3.tlog\cl.command.1.tlog
c:\users\sean orme\documents\github\cpsc.4377.code.examples\l04.2.sdl2.sprites\temp\l04.2.sd.8937fcd3.tlog\cl.read.1.tlog
c:\users\sean orme\documents\github\cpsc.4377.code.examples\l04.2.sdl2.sprites\temp\l04.2.sd.8937fcd3.tlog\cl.write.1.tlog
c:\users\sean orme\documents\github\cpsc.4377.code.examples\l04.2.sdl2.sprites\temp\l04.2.sd.8937fcd3.tlog\l04.2.sdl2.sprites.write.1u.tlog
c:\users\sean orme\documents\github\cpsc.4377.code.examples\l04.2.sdl2.sprites\temp\l04.2.sd.8937fcd3.tlog\link.command.1.tlog
c:\users\sean orme\documents\github\cpsc.4377.code.examples\l04.2.sdl2.sprites\temp\l04.2.sd.8937fcd3.tlog\link.read.1.tlog
c:\users\sean orme\documents\github\cpsc.4377.code.examples\l04.2.sdl2.sprites\temp\l04.2.sd.8937fcd3.tlog\link.write.1.tlog
