  C:\Users\Sean Orme\Documents\GitHub\CPSC.4377.Code.Examples\L09.2.Mixer.Music\ThirdParty\SDL2-2.0.7\lib\x86\libfreetype-6.dll
  C:\Users\Sean Orme\Documents\GitHub\CPSC.4377.Code.Examples\L09.2.Mixer.Music\ThirdParty\SDL2-2.0.7\lib\x86\SDL2.dll
  C:\Users\Sean Orme\Documents\GitHub\CPSC.4377.Code.Examples\L09.2.Mixer.Music\ThirdParty\SDL2-2.0.7\lib\x86\SDL2_ttf.dll
  C:\Users\Sean Orme\Documents\GitHub\CPSC.4377.Code.Examples\L09.2.Mixer.Music\ThirdParty\SDL2-2.0.7\lib\x86\zlib1.dll
          4 file(s) copied.
  C:\Users\Sean Orme\Documents\GitHub\CPSC.4377.Code.Examples\L09.2.Mixer.Music\ThirdParty\SDL2_image-2.0.2\lib\x86\libjpeg-9.dll
  C:\Users\Sean Orme\Documents\GitHub\CPSC.4377.Code.Examples\L09.2.Mixer.Music\ThirdParty\SDL2_image-2.0.2\lib\x86\libpng16-16.dll
  C:\Users\Sean Orme\Documents\GitHub\CPSC.4377.Code.Examples\L09.2.Mixer.Music\ThirdParty\SDL2_image-2.0.2\lib\x86\libtiff-5.dll
  C:\Users\Sean Orme\Documents\GitHub\CPSC.4377.Code.Examples\L09.2.Mixer.Music\ThirdParty\SDL2_image-2.0.2\lib\x86\libwebp-7.dll
  C:\Users\Sean Orme\Documents\GitHub\CPSC.4377.Code.Examples\L09.2.Mixer.Music\ThirdParty\SDL2_image-2.0.2\lib\x86\SDL2_image.dll
  C:\Users\Sean Orme\Documents\GitHub\CPSC.4377.Code.Examples\L09.2.Mixer.Music\ThirdParty\SDL2_image-2.0.2\lib\x86\zlib1.dll
          6 file(s) copied.
  C:\Users\Sean Orme\Documents\GitHub\CPSC.4377.Code.Examples\L09.2.Mixer.Music\ThirdParty\SDL2_mixer-2.0.0\lib\x86\libFLAC-8.dll
  C:\Users\Sean Orme\Documents\GitHub\CPSC.4377.Code.Examples\L09.2.Mixer.Music\ThirdParty\SDL2_mixer-2.0.0\lib\x86\libmikmod-2.dll
  C:\Users\Sean Orme\Documents\GitHub\CPSC.4377.Code.Examples\L09.2.Mixer.Music\ThirdParty\SDL2_mixer-2.0.0\lib\x86\libmodplug-1.dll
  C:\Users\Sean Orme\Documents\GitHub\CPSC.4377.Code.Examples\L09.2.Mixer.Music\ThirdParty\SDL2_mixer-2.0.0\lib\x86\libogg-0.dll
  C:\Users\Sean Orme\Documents\GitHub\CPSC.4377.Code.Examples\L09.2.Mixer.Music\ThirdParty\SDL2_mixer-2.0.0\lib\x86\libvorbis-0.dll
  C:\Users\Sean Orme\Documents\GitHub\CPSC.4377.Code.Examples\L09.2.Mixer.Music\ThirdParty\SDL2_mixer-2.0.0\lib\x86\libvorbisfile-3.dll
  C:\Users\Sean Orme\Documents\GitHub\CPSC.4377.Code.Examples\L09.2.Mixer.Music\ThirdParty\SDL2_mixer-2.0.0\lib\x86\SDL2_mixer.dll
  C:\Users\Sean Orme\Documents\GitHub\CPSC.4377.Code.Examples\L09.2.Mixer.Music\ThirdParty\SDL2_mixer-2.0.0\lib\x86\smpeg2.dll
          8 file(s) copied.
  Timer.cpp
  Texture.cpp
  Source.cpp
  GraphicsDevice.cpp
  GameObject.cpp
  Generating Code...
     Creating library C:\Users\Sean Orme\Documents\GitHub\CPSC.4377.Code.Examples\L09.2.Mixer.Music\Game\L09.2.Mixer.Music.lib and object C:\Users\Sean Orme\Documents\GitHub\CPSC.4377.Code.Examples\L09.2.Mixer.Music\Game\L09.2.Mixer.Music.exp
  L09.2.Mixer.Music.vcxproj -> C:\Users\Sean Orme\Documents\GitHub\CPSC.4377.Code.Examples\L09.2.Mixer.Music\Game\L09.2.Mixer.Music.exe
  C:\Users\Sean Orme\Documents\GitHub\CPSC.4377.Code.Examples\L09.2.Mixer.Music\libFLAC-8.dll
  C:\Users\Sean Orme\Documents\GitHub\CPSC.4377.Code.Examples\L09.2.Mixer.Music\libfreetype-6.dll
  C:\Users\Sean Orme\Documents\GitHub\CPSC.4377.Code.Examples\L09.2.Mixer.Music\libjpeg-9.dll
  C:\Users\Sean Orme\Documents\GitHub\CPSC.4377.Code.Examples\L09.2.Mixer.Music\libmikmod-2.dll
  C:\Users\Sean Orme\Documents\GitHub\CPSC.4377.Code.Examples\L09.2.Mixer.Music\libmodplug-1.dll
  C:\Users\Sean Orme\Documents\GitHub\CPSC.4377.Code.Examples\L09.2.Mixer.Music\libogg-0.dll
  C:\Users\Sean Orme\Documents\GitHub\CPSC.4377.Code.Examples\L09.2.Mixer.Music\libpng16-16.dll
  C:\Users\Sean Orme\Documents\GitHub\CPSC.4377.Code.Examples\L09.2.Mixer.Music\libtiff-5.dll
  C:\Users\Sean Orme\Documents\GitHub\CPSC.4377.Code.Examples\L09.2.Mixer.Music\libvorbis-0.dll
  C:\Users\Sean Orme\Documents\GitHub\CPSC.4377.Code.Examples\L09.2.Mixer.Music\libvorbisfile-3.dll
  C:\Users\Sean Orme\Documents\GitHub\CPSC.4377.Code.Examples\L09.2.Mixer.Music\libwebp-7.dll
  C:\Users\Sean Orme\Documents\GitHub\CPSC.4377.Code.Examples\L09.2.Mixer.Music\SDL2.dll
  C:\Users\Sean Orme\Documents\GitHub\CPSC.4377.Code.Examples\L09.2.Mixer.Music\SDL2_image.dll
  C:\Users\Sean Orme\Documents\GitHub\CPSC.4377.Code.Examples\L09.2.Mixer.Music\SDL2_mixer.dll
  C:\Users\Sean Orme\Documents\GitHub\CPSC.4377.Code.Examples\L09.2.Mixer.Music\SDL2_ttf.dll
  C:\Users\Sean Orme\Documents\GitHub\CPSC.4377.Code.Examples\L09.2.Mixer.Music\smpeg2.dll
  C:\Users\Sean Orme\Documents\GitHub\CPSC.4377.Code.Examples\L09.2.Mixer.Music\zlib1.dll
         17 file(s) moved.
  C:\Users\Sean Orme\Documents\GitHub\CPSC.4377.Code.Examples\L09.2.Mixer.Music\Assets\Images\PlayerPaper.png -> C:\Users\Sean Orme\Documents\GitHub\CPSC.4377.Code.Examples\L09.2.Mixer.Music\Game\Assets\Images\PlayerPaper.png
  C:\Users\Sean Orme\Documents\GitHub\CPSC.4377.Code.Examples\L09.2.Mixer.Music\Assets\Sounds\beat.wav -> C:\Users\Sean Orme\Documents\GitHub\CPSC.4377.Code.Examples\L09.2.Mixer.Music\Game\Assets\Sounds\beat.wav
  C:\Users\Sean Orme\Documents\GitHub\CPSC.4377.Code.Examples\L09.2.Mixer.Music\Assets\Sounds\high.wav -> C:\Users\Sean Orme\Documents\GitHub\CPSC.4377.Code.Examples\L09.2.Mixer.Music\Game\Assets\Sounds\high.wav
  C:\Users\Sean Orme\Documents\GitHub\CPSC.4377.Code.Examples\L09.2.Mixer.Music\Assets\Sounds\scratch.wav -> C:\Users\Sean Orme\Documents\GitHub\CPSC.4377.Code.Examples\L09.2.Mixer.Music\Game\Assets\Sounds\scratch.wav
  4 File(s) copied
