c:\users\kabush\documents\visual studio 2012\projects\cpsc.4377.sdl2.module.examples\m7.sdl.mixer.music\temp\vc110.pdb
c:\users\administrator\google drive\teaching\cpsc 4377\dr. bush's stuff\course.modules\code.examples\cpsc.4377.sdl2.module.examples\m7.sdl.mixer.music\temp\gameobject.obj
c:\users\administrator\google drive\teaching\cpsc 4377\dr. bush's stuff\course.modules\code.examples\cpsc.4377.sdl2.module.examples\m7.sdl.mixer.music\temp\graphicsdevice.obj
c:\users\administrator\google drive\teaching\cpsc 4377\dr. bush's stuff\course.modules\code.examples\cpsc.4377.sdl2.module.examples\m7.sdl.mixer.music\temp\source.obj
c:\users\administrator\google drive\teaching\cpsc 4377\dr. bush's stuff\course.modules\code.examples\cpsc.4377.sdl2.module.examples\m7.sdl.mixer.music\temp\texture.obj
c:\users\administrator\google drive\teaching\cpsc 4377\dr. bush's stuff\course.modules\code.examples\cpsc.4377.sdl2.module.examples\m7.sdl.mixer.music\temp\timer.obj
c:\users\administrator\google drive\teaching\cpsc 4377\dr. bush's stuff\course.modules\code.examples\cpsc.4377.sdl2.module.examples\m7.sdl.mixer.music\temp\vc110.pdb
c:\users\kabush\documents\visual studio 2012\projects\cpsc.4377.sdl2.module.examples\m7.sdl.mixer.music\game\m7.sdl.mixer.music.ilk
c:\users\kabush\documents\visual studio 2012\projects\cpsc.4377.sdl2.module.examples\m7.sdl.mixer.music\game\m7.sdl.mixer.music.exe
c:\users\kabush\documents\visual studio 2012\projects\cpsc.4377.sdl2.module.examples\m7.sdl.mixer.music\game\m7.sdl.mixer.music.pdb
c:\users\administrator\google drive\teaching\cpsc 4377\dr. bush's stuff\course.modules\code.examples\cpsc.4377.sdl2.module.examples\m7.sdl.mixer.music\game\m7.sdl.mixer.music.ilk
c:\users\administrator\google drive\teaching\cpsc 4377\dr. bush's stuff\course.modules\code.examples\cpsc.4377.sdl2.module.examples\m7.sdl.mixer.music\game\m7.sdl.mixer.music.exe
c:\users\administrator\google drive\teaching\cpsc 4377\dr. bush's stuff\course.modules\code.examples\cpsc.4377.sdl2.module.examples\m7.sdl.mixer.music\game\m7.sdl.mixer.music.pdb
c:\users\sean orme\documents\github\cpsc.4377.code.examples\l09.2.mixer.music\temp\vc141.pdb
c:\users\sean orme\documents\github\cpsc.4377.code.examples\l09.2.mixer.music\temp\vc141.idb
c:\users\sean orme\documents\github\cpsc.4377.code.examples\l09.2.mixer.music\temp\gameobject.obj
c:\users\sean orme\documents\github\cpsc.4377.code.examples\l09.2.mixer.music\temp\graphicsdevice.obj
c:\users\sean orme\documents\github\cpsc.4377.code.examples\l09.2.mixer.music\temp\source.obj
c:\users\sean orme\documents\github\cpsc.4377.code.examples\l09.2.mixer.music\temp\texture.obj
c:\users\sean orme\documents\github\cpsc.4377.code.examples\l09.2.mixer.music\temp\timer.obj
c:\users\sean orme\documents\github\cpsc.4377.code.examples\l09.2.mixer.music\game\l09.2.mixer.music.lib
c:\users\sean orme\documents\github\cpsc.4377.code.examples\l09.2.mixer.music\game\l09.2.mixer.music.exp
c:\users\sean orme\documents\github\cpsc.4377.code.examples\l09.2.mixer.music\game\l09.2.mixer.music.ilk
c:\users\sean orme\documents\github\cpsc.4377.code.examples\l09.2.mixer.music\game\l09.2.mixer.music.exe
c:\users\sean orme\documents\github\cpsc.4377.code.examples\l09.2.mixer.music\game\l09.2.mixer.music.pdb
c:\users\sean orme\documents\github\cpsc.4377.code.examples\l09.2.mixer.music\temp\cl.command.1.tlog
c:\users\sean orme\documents\github\cpsc.4377.code.examples\l09.2.mixer.music\temp\cl.read.1.tlog
c:\users\sean orme\documents\github\cpsc.4377.code.examples\l09.2.mixer.music\temp\cl.write.1.tlog
c:\users\sean orme\documents\github\cpsc.4377.code.examples\l09.2.mixer.music\temp\link-cvtres.read.1.tlog
c:\users\sean orme\documents\github\cpsc.4377.code.examples\l09.2.mixer.music\temp\link-cvtres.write.1.tlog
c:\users\sean orme\documents\github\cpsc.4377.code.examples\l09.2.mixer.music\temp\link-rc.read.1.tlog
c:\users\sean orme\documents\github\cpsc.4377.code.examples\l09.2.mixer.music\temp\link-rc.write.1.tlog
c:\users\sean orme\documents\github\cpsc.4377.code.examples\l09.2.mixer.music\temp\link.command.1.tlog
c:\users\sean orme\documents\github\cpsc.4377.code.examples\l09.2.mixer.music\temp\link.read.1.tlog
c:\users\sean orme\documents\github\cpsc.4377.code.examples\l09.2.mixer.music\temp\link.write.1.tlog
c:\users\sean orme\documents\github\cpsc.4377.code.examples\l09.2.mixer.music\temp\vc110.idb
c:\users\sean orme\documents\github\cpsc.4377.code.examples\l09.2.mixer.music\temp\vc110.pdb
c:\users\sean orme\documents\github\cpsc.4377.code.examples\l09.2.mixer.music\temp\l09.2.mi.9c3db457.tlog\cl.command.1.tlog
c:\users\sean orme\documents\github\cpsc.4377.code.examples\l09.2.mixer.music\temp\l09.2.mi.9c3db457.tlog\cl.read.1.tlog
c:\users\sean orme\documents\github\cpsc.4377.code.examples\l09.2.mixer.music\temp\l09.2.mi.9c3db457.tlog\cl.write.1.tlog
c:\users\sean orme\documents\github\cpsc.4377.code.examples\l09.2.mixer.music\temp\l09.2.mi.9c3db457.tlog\l09.2.mixer.music.write.1u.tlog
c:\users\sean orme\documents\github\cpsc.4377.code.examples\l09.2.mixer.music\temp\l09.2.mi.9c3db457.tlog\link.command.1.tlog
c:\users\sean orme\documents\github\cpsc.4377.code.examples\l09.2.mixer.music\temp\l09.2.mi.9c3db457.tlog\link.read.1.tlog
c:\users\sean orme\documents\github\cpsc.4377.code.examples\l09.2.mixer.music\temp\l09.2.mi.9c3db457.tlog\link.write.1.tlog
