  C:\Users\Administrator\Google Drive\Teaching\CPSC 4377\Dr. Bush's Stuff\Course.Modules\Code.Examples\CPSC.4377.SDL2.Module.Examples\M7.SDL.Mixer.Music\ThirdParty\SDL2-2.0.3\lib\x86\SDL2.dll
          1 file(s) copied.
  C:\Users\Administrator\Google Drive\Teaching\CPSC 4377\Dr. Bush's Stuff\Course.Modules\Code.Examples\CPSC.4377.SDL2.Module.Examples\M7.SDL.Mixer.Music\ThirdParty\SDL2_image-2.0.0\lib\x86\libjpeg-9.dll
  C:\Users\Administrator\Google Drive\Teaching\CPSC 4377\Dr. Bush's Stuff\Course.Modules\Code.Examples\CPSC.4377.SDL2.Module.Examples\M7.SDL.Mixer.Music\ThirdParty\SDL2_image-2.0.0\lib\x86\libpng16-16.dll
  C:\Users\Administrator\Google Drive\Teaching\CPSC 4377\Dr. Bush's Stuff\Course.Modules\Code.Examples\CPSC.4377.SDL2.Module.Examples\M7.SDL.Mixer.Music\ThirdParty\SDL2_image-2.0.0\lib\x86\libtiff-5.dll
  C:\Users\Administrator\Google Drive\Teaching\CPSC 4377\Dr. Bush's Stuff\Course.Modules\Code.Examples\CPSC.4377.SDL2.Module.Examples\M7.SDL.Mixer.Music\ThirdParty\SDL2_image-2.0.0\lib\x86\libwebp-4.dll
  C:\Users\Administrator\Google Drive\Teaching\CPSC 4377\Dr. Bush's Stuff\Course.Modules\Code.Examples\CPSC.4377.SDL2.Module.Examples\M7.SDL.Mixer.Music\ThirdParty\SDL2_image-2.0.0\lib\x86\SDL2_image.dll
  C:\Users\Administrator\Google Drive\Teaching\CPSC 4377\Dr. Bush's Stuff\Course.Modules\Code.Examples\CPSC.4377.SDL2.Module.Examples\M7.SDL.Mixer.Music\ThirdParty\SDL2_image-2.0.0\lib\x86\zlib1.dll
          6 file(s) copied.
  C:\Users\Administrator\Google Drive\Teaching\CPSC 4377\Dr. Bush's Stuff\Course.Modules\Code.Examples\CPSC.4377.SDL2.Module.Examples\M7.SDL.Mixer.Music\ThirdParty\SDL2_mixer-2.0.0\lib\x86\libFLAC-8.dll
  C:\Users\Administrator\Google Drive\Teaching\CPSC 4377\Dr. Bush's Stuff\Course.Modules\Code.Examples\CPSC.4377.SDL2.Module.Examples\M7.SDL.Mixer.Music\ThirdParty\SDL2_mixer-2.0.0\lib\x86\libmikmod-2.dll
  C:\Users\Administrator\Google Drive\Teaching\CPSC 4377\Dr. Bush's Stuff\Course.Modules\Code.Examples\CPSC.4377.SDL2.Module.Examples\M7.SDL.Mixer.Music\ThirdParty\SDL2_mixer-2.0.0\lib\x86\libmodplug-1.dll
  C:\Users\Administrator\Google Drive\Teaching\CPSC 4377\Dr. Bush's Stuff\Course.Modules\Code.Examples\CPSC.4377.SDL2.Module.Examples\M7.SDL.Mixer.Music\ThirdParty\SDL2_mixer-2.0.0\lib\x86\libogg-0.dll
  C:\Users\Administrator\Google Drive\Teaching\CPSC 4377\Dr. Bush's Stuff\Course.Modules\Code.Examples\CPSC.4377.SDL2.Module.Examples\M7.SDL.Mixer.Music\ThirdParty\SDL2_mixer-2.0.0\lib\x86\libvorbis-0.dll
  C:\Users\Administrator\Google Drive\Teaching\CPSC 4377\Dr. Bush's Stuff\Course.Modules\Code.Examples\CPSC.4377.SDL2.Module.Examples\M7.SDL.Mixer.Music\ThirdParty\SDL2_mixer-2.0.0\lib\x86\libvorbisfile-3.dll
  C:\Users\Administrator\Google Drive\Teaching\CPSC 4377\Dr. Bush's Stuff\Course.Modules\Code.Examples\CPSC.4377.SDL2.Module.Examples\M7.SDL.Mixer.Music\ThirdParty\SDL2_mixer-2.0.0\lib\x86\SDL2_mixer.dll
  C:\Users\Administrator\Google Drive\Teaching\CPSC 4377\Dr. Bush's Stuff\Course.Modules\Code.Examples\CPSC.4377.SDL2.Module.Examples\M7.SDL.Mixer.Music\ThirdParty\SDL2_mixer-2.0.0\lib\x86\smpeg2.dll
          8 file(s) copied.
  M7.SDL.Mixer.Music.vcxproj -> C:\Users\Administrator\Google Drive\Teaching\CPSC 4377\Dr. Bush's Stuff\Course.Modules\Code.Examples\CPSC.4377.SDL2.Module.Examples\M7.SDL.Mixer.Music\Game\M7.SDL.Mixer.Music.exe
  C:\Users\Administrator\Google Drive\Teaching\CPSC 4377\Dr. Bush's Stuff\Course.Modules\Code.Examples\CPSC.4377.SDL2.Module.Examples\M7.SDL.Mixer.Music\libFLAC-8.dll
  C:\Users\Administrator\Google Drive\Teaching\CPSC 4377\Dr. Bush's Stuff\Course.Modules\Code.Examples\CPSC.4377.SDL2.Module.Examples\M7.SDL.Mixer.Music\libjpeg-9.dll
  C:\Users\Administrator\Google Drive\Teaching\CPSC 4377\Dr. Bush's Stuff\Course.Modules\Code.Examples\CPSC.4377.SDL2.Module.Examples\M7.SDL.Mixer.Music\libmikmod-2.dll
  C:\Users\Administrator\Google Drive\Teaching\CPSC 4377\Dr. Bush's Stuff\Course.Modules\Code.Examples\CPSC.4377.SDL2.Module.Examples\M7.SDL.Mixer.Music\libmodplug-1.dll
  C:\Users\Administrator\Google Drive\Teaching\CPSC 4377\Dr. Bush's Stuff\Course.Modules\Code.Examples\CPSC.4377.SDL2.Module.Examples\M7.SDL.Mixer.Music\libogg-0.dll
  C:\Users\Administrator\Google Drive\Teaching\CPSC 4377\Dr. Bush's Stuff\Course.Modules\Code.Examples\CPSC.4377.SDL2.Module.Examples\M7.SDL.Mixer.Music\libpng16-16.dll
  C:\Users\Administrator\Google Drive\Teaching\CPSC 4377\Dr. Bush's Stuff\Course.Modules\Code.Examples\CPSC.4377.SDL2.Module.Examples\M7.SDL.Mixer.Music\libtiff-5.dll
  C:\Users\Administrator\Google Drive\Teaching\CPSC 4377\Dr. Bush's Stuff\Course.Modules\Code.Examples\CPSC.4377.SDL2.Module.Examples\M7.SDL.Mixer.Music\libvorbis-0.dll
  C:\Users\Administrator\Google Drive\Teaching\CPSC 4377\Dr. Bush's Stuff\Course.Modules\Code.Examples\CPSC.4377.SDL2.Module.Examples\M7.SDL.Mixer.Music\libvorbisfile-3.dll
  C:\Users\Administrator\Google Drive\Teaching\CPSC 4377\Dr. Bush's Stuff\Course.Modules\Code.Examples\CPSC.4377.SDL2.Module.Examples\M7.SDL.Mixer.Music\libwebp-4.dll
  C:\Users\Administrator\Google Drive\Teaching\CPSC 4377\Dr. Bush's Stuff\Course.Modules\Code.Examples\CPSC.4377.SDL2.Module.Examples\M7.SDL.Mixer.Music\SDL2.dll
  C:\Users\Administrator\Google Drive\Teaching\CPSC 4377\Dr. Bush's Stuff\Course.Modules\Code.Examples\CPSC.4377.SDL2.Module.Examples\M7.SDL.Mixer.Music\SDL2_image.dll
  C:\Users\Administrator\Google Drive\Teaching\CPSC 4377\Dr. Bush's Stuff\Course.Modules\Code.Examples\CPSC.4377.SDL2.Module.Examples\M7.SDL.Mixer.Music\SDL2_mixer.dll
  C:\Users\Administrator\Google Drive\Teaching\CPSC 4377\Dr. Bush's Stuff\Course.Modules\Code.Examples\CPSC.4377.SDL2.Module.Examples\M7.SDL.Mixer.Music\smpeg2.dll
  C:\Users\Administrator\Google Drive\Teaching\CPSC 4377\Dr. Bush's Stuff\Course.Modules\Code.Examples\CPSC.4377.SDL2.Module.Examples\M7.SDL.Mixer.Music\zlib1.dll
         15 file(s) moved.
  C:\Users\Administrator\Google Drive\Teaching\CPSC 4377\Dr. Bush's Stuff\Course.Modules\Code.Examples\CPSC.4377.SDL2.Module.Examples\M7.SDL.Mixer.Music\Assets\Images\PlayerPaper.png -> C:\Users\Administrator\Google Drive\Teaching\CPSC 4377\Dr. Bush's Stuff\Course.Modules\Code.Examples\CPSC.4377.SDL2.Module.Examples\M7.SDL.Mixer.Music\Game\Assets\Images\PlayerPaper.png
  C:\Users\Administrator\Google Drive\Teaching\CPSC 4377\Dr. Bush's Stuff\Course.Modules\Code.Examples\CPSC.4377.SDL2.Module.Examples\M7.SDL.Mixer.Music\Assets\Sounds\beat.wav -> C:\Users\Administrator\Google Drive\Teaching\CPSC 4377\Dr. Bush's Stuff\Course.Modules\Code.Examples\CPSC.4377.SDL2.Module.Examples\M7.SDL.Mixer.Music\Game\Assets\Sounds\beat.wav
  C:\Users\Administrator\Google Drive\Teaching\CPSC 4377\Dr. Bush's Stuff\Course.Modules\Code.Examples\CPSC.4377.SDL2.Module.Examples\M7.SDL.Mixer.Music\Assets\Sounds\high.wav -> C:\Users\Administrator\Google Drive\Teaching\CPSC 4377\Dr. Bush's Stuff\Course.Modules\Code.Examples\CPSC.4377.SDL2.Module.Examples\M7.SDL.Mixer.Music\Game\Assets\Sounds\high.wav
  C:\Users\Administrator\Google Drive\Teaching\CPSC 4377\Dr. Bush's Stuff\Course.Modules\Code.Examples\CPSC.4377.SDL2.Module.Examples\M7.SDL.Mixer.Music\Assets\Sounds\scratch.wav -> C:\Users\Administrator\Google Drive\Teaching\CPSC 4377\Dr. Bush's Stuff\Course.Modules\Code.Examples\CPSC.4377.SDL2.Module.Examples\M7.SDL.Mixer.Music\Game\Assets\Sounds\scratch.wav
  4 File(s) copied
