c:\users\sean orme\google drive\cpsc 4377\code examples\l04.6.sdl2.lines.shapes\temp\vc140.pdb
c:\users\sean orme\google drive\cpsc 4377\code examples\l04.6.sdl2.lines.shapes\temp\vc140.idb
c:\users\sean orme\google drive\cpsc 4377\code examples\l04.6.sdl2.lines.shapes\temp\gameobject.obj
c:\users\sean orme\google drive\cpsc 4377\code examples\l04.6.sdl2.lines.shapes\temp\graphicsdevice.obj
c:\users\sean orme\google drive\cpsc 4377\code examples\l04.6.sdl2.lines.shapes\temp\source.obj
c:\users\sean orme\google drive\cpsc 4377\code examples\l04.6.sdl2.lines.shapes\temp\timer.obj
c:\users\sean orme\documents\github\cpsc.4377.code.examples\l04.6.sdl2.lines.shapes\temp\vc140.pdb
c:\users\sean orme\documents\github\cpsc.4377.code.examples\l04.6.sdl2.lines.shapes\temp\vc140.idb
c:\users\sean orme\documents\github\cpsc.4377.code.examples\l04.6.sdl2.lines.shapes\temp\gameobject.obj
c:\users\sean orme\documents\github\cpsc.4377.code.examples\l04.6.sdl2.lines.shapes\temp\graphicsdevice.obj
c:\users\sean orme\documents\github\cpsc.4377.code.examples\l04.6.sdl2.lines.shapes\temp\source.obj
c:\users\sean orme\documents\github\cpsc.4377.code.examples\l04.6.sdl2.lines.shapes\temp\timer.obj
c:\users\sean orme\google drive\cpsc 4377\code examples\l04.6.sdl2.lines.shapes\game\l04.6.sdl2.lines.shapes.lib
c:\users\sean orme\google drive\cpsc 4377\code examples\l04.6.sdl2.lines.shapes\game\l04.6.sdl2.lines.shapes.exp
c:\users\sean orme\documents\github\cpsc.4377.code.examples\l04.6.sdl2.lines.shapes\game\l04.6.sdl2.lines.shapes.lib
c:\users\sean orme\documents\github\cpsc.4377.code.examples\l04.6.sdl2.lines.shapes\game\l04.6.sdl2.lines.shapes.exp
c:\users\sean orme\google drive\cpsc 4377\code examples\l04.6.sdl2.lines.shapes\game\l04.6.sdl2.lines.shapes.ilk
c:\users\sean orme\google drive\cpsc 4377\code examples\l04.6.sdl2.lines.shapes\game\l04.6.sdl2.lines.shapes.exe
c:\users\sean orme\google drive\cpsc 4377\code examples\l04.6.sdl2.lines.shapes\game\l04.6.sdl2.lines.shapes.pdb
c:\users\sean orme\documents\github\cpsc.4377.code.examples\l04.6.sdl2.lines.shapes\game\l04.6.sdl2.lines.shapes.ilk
c:\users\sean orme\documents\github\cpsc.4377.code.examples\l04.6.sdl2.lines.shapes\game\l04.6.sdl2.lines.shapes.exe
c:\users\sean orme\documents\github\cpsc.4377.code.examples\l04.6.sdl2.lines.shapes\game\l04.6.sdl2.lines.shapes.pdb
c:\users\sean orme\documents\github\cpsc.4377.code.examples\l04.6.sdl2.lines.shapes\temp\texture.obj
c:\users\sean orme\documents\github\cpsc.4377.code.examples\l04.6.sdl2.lines.shapes\temp\l04.6.sd.708d87d1.tlog\cl.command.1.tlog
c:\users\sean orme\documents\github\cpsc.4377.code.examples\l04.6.sdl2.lines.shapes\temp\l04.6.sd.708d87d1.tlog\cl.read.1.tlog
c:\users\sean orme\documents\github\cpsc.4377.code.examples\l04.6.sdl2.lines.shapes\temp\l04.6.sd.708d87d1.tlog\cl.write.1.tlog
c:\users\sean orme\documents\github\cpsc.4377.code.examples\l04.6.sdl2.lines.shapes\temp\l04.6.sd.708d87d1.tlog\l04.6.sdl2.lines.shapes.write.1u.tlog
c:\users\sean orme\documents\github\cpsc.4377.code.examples\l04.6.sdl2.lines.shapes\temp\l04.6.sd.708d87d1.tlog\link.command.1.tlog
c:\users\sean orme\documents\github\cpsc.4377.code.examples\l04.6.sdl2.lines.shapes\temp\l04.6.sd.708d87d1.tlog\link.read.1.tlog
c:\users\sean orme\documents\github\cpsc.4377.code.examples\l04.6.sdl2.lines.shapes\temp\l04.6.sd.708d87d1.tlog\link.write.1.tlog
