c:\users\kabush\documents\visual studio 2012\projects\cpsc.4377.sdl2.module.examples\m7.sdl.mixer.simple\temp\gameobject.obj
c:\users\kabush\documents\visual studio 2012\projects\cpsc.4377.sdl2.module.examples\m7.sdl.mixer.simple\temp\graphicsdevice.obj
c:\users\kabush\documents\visual studio 2012\projects\cpsc.4377.sdl2.module.examples\m7.sdl.mixer.simple\temp\source.obj
c:\users\kabush\documents\visual studio 2012\projects\cpsc.4377.sdl2.module.examples\m7.sdl.mixer.simple\temp\texture.obj
c:\users\kabush\documents\visual studio 2012\projects\cpsc.4377.sdl2.module.examples\m7.sdl.mixer.simple\temp\vc110.pdb
c:\users\kabush\documents\visual studio 2012\projects\cpsc.4377.sdl2.module.examples\m7.sdl.mixer.simple\temp\timer.obj
c:\users\kabush\documents\visual studio 2012\projects\cpsc.4377.sdl2.module.examples\m7.sdl.mixer.effects\temp\gameobject.obj
c:\users\kabush\documents\visual studio 2012\projects\cpsc.4377.sdl2.module.examples\m7.sdl.mixer.effects\temp\graphicsdevice.obj
c:\users\kabush\documents\visual studio 2012\projects\cpsc.4377.sdl2.module.examples\m7.sdl.mixer.effects\temp\source.obj
c:\users\kabush\documents\visual studio 2012\projects\cpsc.4377.sdl2.module.examples\m7.sdl.mixer.effects\temp\texture.obj
c:\users\kabush\documents\visual studio 2012\projects\cpsc.4377.sdl2.module.examples\m7.sdl.mixer.effects\temp\timer.obj
c:\users\kabush\documents\visual studio 2012\projects\cpsc.4377.sdl2.module.examples\m7.sdl.mixer.effects\temp\vc110.pdb
c:\users\administrator\google drive\teaching\cpsc 4377\dr. bush's stuff\course.modules\code.examples\cpsc.4377.sdl2.module.examples\m7.sdl.mixer.effects\temp\graphicsdevice.obj
c:\users\administrator\google drive\teaching\cpsc 4377\dr. bush's stuff\course.modules\code.examples\cpsc.4377.sdl2.module.examples\m7.sdl.mixer.effects\temp\source.obj
c:\users\administrator\google drive\teaching\cpsc 4377\dr. bush's stuff\course.modules\code.examples\cpsc.4377.sdl2.module.examples\m7.sdl.mixer.effects\temp\timer.obj
c:\users\administrator\google drive\teaching\cpsc 4377\dr. bush's stuff\course.modules\code.examples\cpsc.4377.sdl2.module.examples\m7.sdl.mixer.effects\temp\vc110.pdb
c:\users\kabush\documents\visual studio 2012\projects\cpsc.4377.sdl2.module.examples\m7.sdl.mixer.simple\game\m7.sdl.mixer.simple.ilk
c:\users\kabush\documents\visual studio 2012\projects\cpsc.4377.sdl2.module.examples\m7.sdl.mixer.simple\game\m7.sdl.mixer.simple.exe
c:\users\kabush\documents\visual studio 2012\projects\cpsc.4377.sdl2.module.examples\m7.sdl.mixer.simple\game\m7.sdl.mixer.simple.pdb
c:\users\kabush\documents\visual studio 2012\projects\cpsc.4377.sdl2.module.examples\m7.sdl.mixer.effects\game\m7.sdl.mixer.effects.ilk
c:\users\kabush\documents\visual studio 2012\projects\cpsc.4377.sdl2.module.examples\m7.sdl.mixer.effects\game\m7.sdl.mixer.effects.exe
c:\users\kabush\documents\visual studio 2012\projects\cpsc.4377.sdl2.module.examples\m7.sdl.mixer.effects\game\m7.sdl.mixer.effects.pdb
c:\users\administrator\google drive\teaching\cpsc 4377\dr. bush's stuff\course.modules\code.examples\cpsc.4377.sdl2.module.examples\m7.sdl.mixer.effects\game\m7.sdl.mixer.effects.ilk
c:\users\administrator\google drive\teaching\cpsc 4377\dr. bush's stuff\course.modules\code.examples\cpsc.4377.sdl2.module.examples\m7.sdl.mixer.effects\game\m7.sdl.mixer.effects.exe
c:\users\administrator\google drive\teaching\cpsc 4377\dr. bush's stuff\course.modules\code.examples\cpsc.4377.sdl2.module.examples\m7.sdl.mixer.effects\game\m7.sdl.mixer.effects.pdb
c:\users\sean orme\documents\github\cpsc.4377.code.examples\l09.3.mixer.effects\temp\vc141.pdb
c:\users\sean orme\documents\github\cpsc.4377.code.examples\l09.3.mixer.effects\temp\vc141.idb
c:\users\sean orme\documents\github\cpsc.4377.code.examples\l09.3.mixer.effects\temp\graphicsdevice.obj
c:\users\sean orme\documents\github\cpsc.4377.code.examples\l09.3.mixer.effects\temp\source.obj
c:\users\sean orme\documents\github\cpsc.4377.code.examples\l09.3.mixer.effects\temp\timer.obj
c:\users\sean orme\documents\github\cpsc.4377.code.examples\l09.3.mixer.effects\game\l09.3.mixer.effects.lib
c:\users\sean orme\documents\github\cpsc.4377.code.examples\l09.3.mixer.effects\game\l09.3.mixer.effects.exp
c:\users\sean orme\documents\github\cpsc.4377.code.examples\l09.3.mixer.effects\game\l09.3.mixer.effects.ilk
c:\users\sean orme\documents\github\cpsc.4377.code.examples\l09.3.mixer.effects\game\l09.3.mixer.effects.exe
c:\users\sean orme\documents\github\cpsc.4377.code.examples\l09.3.mixer.effects\game\l09.3.mixer.effects.pdb
c:\users\sean orme\documents\github\cpsc.4377.code.examples\l09.3.mixer.effects\temp\gameobject.obj
c:\users\sean orme\documents\github\cpsc.4377.code.examples\l09.3.mixer.effects\temp\texture.obj
c:\users\sean orme\documents\github\cpsc.4377.code.examples\l09.3.mixer.effects\temp\cl.command.1.tlog
c:\users\sean orme\documents\github\cpsc.4377.code.examples\l09.3.mixer.effects\temp\cl.read.1.tlog
c:\users\sean orme\documents\github\cpsc.4377.code.examples\l09.3.mixer.effects\temp\cl.write.1.tlog
c:\users\sean orme\documents\github\cpsc.4377.code.examples\l09.3.mixer.effects\temp\link-cvtres.read.1.tlog
c:\users\sean orme\documents\github\cpsc.4377.code.examples\l09.3.mixer.effects\temp\link-cvtres.write.1.tlog
c:\users\sean orme\documents\github\cpsc.4377.code.examples\l09.3.mixer.effects\temp\link-rc.read.1.tlog
c:\users\sean orme\documents\github\cpsc.4377.code.examples\l09.3.mixer.effects\temp\link-rc.write.1.tlog
c:\users\sean orme\documents\github\cpsc.4377.code.examples\l09.3.mixer.effects\temp\link.11052-cvtres.read.1.tlog
c:\users\sean orme\documents\github\cpsc.4377.code.examples\l09.3.mixer.effects\temp\link.11052-cvtres.write.1.tlog
c:\users\sean orme\documents\github\cpsc.4377.code.examples\l09.3.mixer.effects\temp\link.11052-rc.read.1.tlog
c:\users\sean orme\documents\github\cpsc.4377.code.examples\l09.3.mixer.effects\temp\link.11052-rc.write.1.tlog
c:\users\sean orme\documents\github\cpsc.4377.code.examples\l09.3.mixer.effects\temp\link.11052.read.1.tlog
c:\users\sean orme\documents\github\cpsc.4377.code.examples\l09.3.mixer.effects\temp\link.11052.write.1.tlog
c:\users\sean orme\documents\github\cpsc.4377.code.examples\l09.3.mixer.effects\temp\link.12280-cvtres.read.1.tlog
c:\users\sean orme\documents\github\cpsc.4377.code.examples\l09.3.mixer.effects\temp\link.12280-cvtres.write.1.tlog
c:\users\sean orme\documents\github\cpsc.4377.code.examples\l09.3.mixer.effects\temp\link.12280-rc.read.1.tlog
c:\users\sean orme\documents\github\cpsc.4377.code.examples\l09.3.mixer.effects\temp\link.12280-rc.write.1.tlog
c:\users\sean orme\documents\github\cpsc.4377.code.examples\l09.3.mixer.effects\temp\link.12280.read.1.tlog
c:\users\sean orme\documents\github\cpsc.4377.code.examples\l09.3.mixer.effects\temp\link.12280.write.1.tlog
c:\users\sean orme\documents\github\cpsc.4377.code.examples\l09.3.mixer.effects\temp\link.7396-cvtres.read.1.tlog
c:\users\sean orme\documents\github\cpsc.4377.code.examples\l09.3.mixer.effects\temp\link.7396-cvtres.write.1.tlog
c:\users\sean orme\documents\github\cpsc.4377.code.examples\l09.3.mixer.effects\temp\link.7396-rc.read.1.tlog
c:\users\sean orme\documents\github\cpsc.4377.code.examples\l09.3.mixer.effects\temp\link.7396-rc.write.1.tlog
c:\users\sean orme\documents\github\cpsc.4377.code.examples\l09.3.mixer.effects\temp\link.7396.read.1.tlog
c:\users\sean orme\documents\github\cpsc.4377.code.examples\l09.3.mixer.effects\temp\link.7396.write.1.tlog
c:\users\sean orme\documents\github\cpsc.4377.code.examples\l09.3.mixer.effects\temp\link.7640-cvtres.read.1.tlog
c:\users\sean orme\documents\github\cpsc.4377.code.examples\l09.3.mixer.effects\temp\link.7640-cvtres.write.1.tlog
c:\users\sean orme\documents\github\cpsc.4377.code.examples\l09.3.mixer.effects\temp\link.7640-rc.read.1.tlog
c:\users\sean orme\documents\github\cpsc.4377.code.examples\l09.3.mixer.effects\temp\link.7640-rc.write.1.tlog
c:\users\sean orme\documents\github\cpsc.4377.code.examples\l09.3.mixer.effects\temp\link.7640.read.1.tlog
c:\users\sean orme\documents\github\cpsc.4377.code.examples\l09.3.mixer.effects\temp\link.7640.write.1.tlog
c:\users\sean orme\documents\github\cpsc.4377.code.examples\l09.3.mixer.effects\temp\link.804-cvtres.read.1.tlog
c:\users\sean orme\documents\github\cpsc.4377.code.examples\l09.3.mixer.effects\temp\link.804-cvtres.write.1.tlog
c:\users\sean orme\documents\github\cpsc.4377.code.examples\l09.3.mixer.effects\temp\link.804-rc.read.1.tlog
c:\users\sean orme\documents\github\cpsc.4377.code.examples\l09.3.mixer.effects\temp\link.804-rc.write.1.tlog
c:\users\sean orme\documents\github\cpsc.4377.code.examples\l09.3.mixer.effects\temp\link.804.read.1.tlog
c:\users\sean orme\documents\github\cpsc.4377.code.examples\l09.3.mixer.effects\temp\link.804.write.1.tlog
c:\users\sean orme\documents\github\cpsc.4377.code.examples\l09.3.mixer.effects\temp\link.9416-cvtres.read.1.tlog
c:\users\sean orme\documents\github\cpsc.4377.code.examples\l09.3.mixer.effects\temp\link.9416-cvtres.write.1.tlog
c:\users\sean orme\documents\github\cpsc.4377.code.examples\l09.3.mixer.effects\temp\link.9416-rc.read.1.tlog
c:\users\sean orme\documents\github\cpsc.4377.code.examples\l09.3.mixer.effects\temp\link.9416-rc.write.1.tlog
c:\users\sean orme\documents\github\cpsc.4377.code.examples\l09.3.mixer.effects\temp\link.9416.read.1.tlog
c:\users\sean orme\documents\github\cpsc.4377.code.examples\l09.3.mixer.effects\temp\link.9416.write.1.tlog
c:\users\sean orme\documents\github\cpsc.4377.code.examples\l09.3.mixer.effects\temp\link.9856-cvtres.read.1.tlog
c:\users\sean orme\documents\github\cpsc.4377.code.examples\l09.3.mixer.effects\temp\link.9856-cvtres.write.1.tlog
c:\users\sean orme\documents\github\cpsc.4377.code.examples\l09.3.mixer.effects\temp\link.9856-rc.read.1.tlog
c:\users\sean orme\documents\github\cpsc.4377.code.examples\l09.3.mixer.effects\temp\link.9856-rc.write.1.tlog
c:\users\sean orme\documents\github\cpsc.4377.code.examples\l09.3.mixer.effects\temp\link.9856.read.1.tlog
c:\users\sean orme\documents\github\cpsc.4377.code.examples\l09.3.mixer.effects\temp\link.9856.write.1.tlog
c:\users\sean orme\documents\github\cpsc.4377.code.examples\l09.3.mixer.effects\temp\link.command.1.tlog
c:\users\sean orme\documents\github\cpsc.4377.code.examples\l09.3.mixer.effects\temp\link.read.1.tlog
c:\users\sean orme\documents\github\cpsc.4377.code.examples\l09.3.mixer.effects\temp\link.write.1.tlog
c:\users\sean orme\documents\github\cpsc.4377.code.examples\l09.3.mixer.effects\temp\vc110.idb
c:\users\sean orme\documents\github\cpsc.4377.code.examples\l09.3.mixer.effects\temp\vc110.pdb
c:\users\sean orme\documents\github\cpsc.4377.code.examples\l09.3.mixer.effects\temp\l09.3.mi.89c29ebf.tlog\cl.command.1.tlog
c:\users\sean orme\documents\github\cpsc.4377.code.examples\l09.3.mixer.effects\temp\l09.3.mi.89c29ebf.tlog\cl.read.1.tlog
c:\users\sean orme\documents\github\cpsc.4377.code.examples\l09.3.mixer.effects\temp\l09.3.mi.89c29ebf.tlog\cl.write.1.tlog
c:\users\sean orme\documents\github\cpsc.4377.code.examples\l09.3.mixer.effects\temp\l09.3.mi.89c29ebf.tlog\l09.3.mixer.effects.write.1u.tlog
c:\users\sean orme\documents\github\cpsc.4377.code.examples\l09.3.mixer.effects\temp\l09.3.mi.89c29ebf.tlog\link.command.1.tlog
c:\users\sean orme\documents\github\cpsc.4377.code.examples\l09.3.mixer.effects\temp\l09.3.mi.89c29ebf.tlog\link.read.1.tlog
c:\users\sean orme\documents\github\cpsc.4377.code.examples\l09.3.mixer.effects\temp\l09.3.mi.89c29ebf.tlog\link.write.1.tlog
