C:\Program Files (x86)\MSBuild\Microsoft.Cpp\v4.0\V140\Microsoft.CppBuild.targets(392,5): warning MSB8028: The intermediate directory (C:\Users\Sean Orme\Google Drive\CPSC 4377\Code Examples\L04.3.SDL2.SpritesSheets\Temp\) contains files shared from another project (L04.2.SDL2.Sprites.vcxproj).  This can lead to incorrect clean and rebuild behavior.
  C:\Users\Sean Orme\Google Drive\CPSC 4377\Code Examples\L04.3.SDL2.SpritesSheets\ThirdParty\SDL2-2.0.7\lib\x86\libfreetype-6.dll
  C:\Users\Sean Orme\Google Drive\CPSC 4377\Code Examples\L04.3.SDL2.SpritesSheets\ThirdParty\SDL2-2.0.7\lib\x86\SDL2.dll
  C:\Users\Sean Orme\Google Drive\CPSC 4377\Code Examples\L04.3.SDL2.SpritesSheets\ThirdParty\SDL2-2.0.7\lib\x86\SDL2_ttf.dll
  C:\Users\Sean Orme\Google Drive\CPSC 4377\Code Examples\L04.3.SDL2.SpritesSheets\ThirdParty\SDL2-2.0.7\lib\x86\zlib1.dll
          4 file(s) copied.
  C:\Users\Sean Orme\Google Drive\CPSC 4377\Code Examples\L04.3.SDL2.SpritesSheets\ThirdParty\SDL2_image-2.0.2\lib\x86\libjpeg-9.dll
  C:\Users\Sean Orme\Google Drive\CPSC 4377\Code Examples\L04.3.SDL2.SpritesSheets\ThirdParty\SDL2_image-2.0.2\lib\x86\libpng16-16.dll
  C:\Users\Sean Orme\Google Drive\CPSC 4377\Code Examples\L04.3.SDL2.SpritesSheets\ThirdParty\SDL2_image-2.0.2\lib\x86\libtiff-5.dll
  C:\Users\Sean Orme\Google Drive\CPSC 4377\Code Examples\L04.3.SDL2.SpritesSheets\ThirdParty\SDL2_image-2.0.2\lib\x86\libwebp-7.dll
  C:\Users\Sean Orme\Google Drive\CPSC 4377\Code Examples\L04.3.SDL2.SpritesSheets\ThirdParty\SDL2_image-2.0.2\lib\x86\SDL2_image.dll
  C:\Users\Sean Orme\Google Drive\CPSC 4377\Code Examples\L04.3.SDL2.SpritesSheets\ThirdParty\SDL2_image-2.0.2\lib\x86\zlib1.dll
          6 file(s) copied.
  Timer.cpp
  Texture.cpp
  Source.cpp
  GraphicsDevice.cpp
  GameObject.cpp
c:\users\sean orme\google drive\cpsc 4377\code examples\l04.3.sdl2.spritessheets\source\gameobject.cpp(131): warning C4838: conversion from 'Uint32' to 'int' requires a narrowing conversion
  Generating Code...
     Creating library C:\Users\Sean Orme\Google Drive\CPSC 4377\Code Examples\L04.3.SDL2.SpritesSheets\Game\L04.3.SDL2.SpritesSheets.lib and object C:\Users\Sean Orme\Google Drive\CPSC 4377\Code Examples\L04.3.SDL2.SpritesSheets\Game\L04.3.SDL2.SpritesSheets.exp
  L04.3.SDL2.SpritesSheets.vcxproj -> C:\Users\Sean Orme\Google Drive\CPSC 4377\Code Examples\L04.3.SDL2.SpritesSheets\Game\L04.3.SDL2.SpritesSheets.exe
  L04.3.SDL2.SpritesSheets.vcxproj -> C:\Users\Sean Orme\Google Drive\CPSC 4377\Code Examples\L04.3.SDL2.SpritesSheets\Game\L04.3.SDL2.SpritesSheets.pdb (Partial PDB)
  C:\Users\Sean Orme\Google Drive\CPSC 4377\Code Examples\L04.3.SDL2.SpritesSheets\libfreetype-6.dll
  C:\Users\Sean Orme\Google Drive\CPSC 4377\Code Examples\L04.3.SDL2.SpritesSheets\libjpeg-9.dll
  C:\Users\Sean Orme\Google Drive\CPSC 4377\Code Examples\L04.3.SDL2.SpritesSheets\libpng16-16.dll
  C:\Users\Sean Orme\Google Drive\CPSC 4377\Code Examples\L04.3.SDL2.SpritesSheets\libtiff-5.dll
  C:\Users\Sean Orme\Google Drive\CPSC 4377\Code Examples\L04.3.SDL2.SpritesSheets\libwebp-7.dll
  C:\Users\Sean Orme\Google Drive\CPSC 4377\Code Examples\L04.3.SDL2.SpritesSheets\SDL2.dll
  C:\Users\Sean Orme\Google Drive\CPSC 4377\Code Examples\L04.3.SDL2.SpritesSheets\SDL2_image.dll
  C:\Users\Sean Orme\Google Drive\CPSC 4377\Code Examples\L04.3.SDL2.SpritesSheets\SDL2_ttf.dll
  C:\Users\Sean Orme\Google Drive\CPSC 4377\Code Examples\L04.3.SDL2.SpritesSheets\zlib1.dll
          9 file(s) moved.
  C:\Users\Sean Orme\Google Drive\CPSC 4377\Code Examples\L04.3.SDL2.SpritesSheets\Assets\Fonts\impact.ttf -> C:\Users\Sean Orme\Google Drive\CPSC 4377\Code Examples\L04.3.SDL2.SpritesSheets\Game\Assets\Fonts\impact.ttf
  C:\Users\Sean Orme\Google Drive\CPSC 4377\Code Examples\L04.3.SDL2.SpritesSheets\Assets\Images\Megaman.png -> C:\Users\Sean Orme\Google Drive\CPSC 4377\Code Examples\L04.3.SDL2.SpritesSheets\Game\Assets\Images\Megaman.png
  2 File(s) copied
