c:\users\sean orme\google drive\cpsc 4377\code examples\l04.3.sdl2.spritessheets\temp\vc140.pdb
c:\users\sean orme\google drive\cpsc 4377\code examples\l04.3.sdl2.spritessheets\temp\vc140.idb
c:\users\sean orme\google drive\cpsc 4377\code examples\l04.3.sdl2.spritessheets\temp\gameobject.obj
c:\users\sean orme\google drive\cpsc 4377\code examples\l04.3.sdl2.spritessheets\temp\graphicsdevice.obj
c:\users\sean orme\google drive\cpsc 4377\code examples\l04.3.sdl2.spritessheets\temp\source.obj
c:\users\sean orme\google drive\cpsc 4377\code examples\l04.3.sdl2.spritessheets\temp\texture.obj
c:\users\sean orme\google drive\cpsc 4377\code examples\l04.3.sdl2.spritessheets\temp\timer.obj
c:\users\sean orme\google drive\cpsc 4377\code examples\l04.3.sdl2.spritessheets\game\l04.3.sdl2.spritessheets.lib
c:\users\sean orme\google drive\cpsc 4377\code examples\l04.3.sdl2.spritessheets\game\l04.3.sdl2.spritessheets.exp
c:\users\sean orme\google drive\cpsc 4377\code examples\l04.3.sdl2.spritessheets\game\l04.3.sdl2.spritessheets.ilk
c:\users\sean orme\google drive\cpsc 4377\code examples\l04.3.sdl2.spritessheets\game\l04.3.sdl2.spritessheets.exe
c:\users\sean orme\google drive\cpsc 4377\code examples\l04.3.sdl2.spritessheets\game\l04.3.sdl2.spritessheets.pdb
c:\users\sean orme\documents\github\cpsc.4377.code.examples\l04.3.sdl2.spritessheets\temp\gameobject.obj
c:\users\sean orme\documents\github\cpsc.4377.code.examples\l04.3.sdl2.spritessheets\temp\graphicsdevice.obj
c:\users\sean orme\documents\github\cpsc.4377.code.examples\l04.3.sdl2.spritessheets\temp\sdl2.spites.obj
c:\users\sean orme\documents\github\cpsc.4377.code.examples\l04.3.sdl2.spritessheets\temp\source.obj
c:\users\sean orme\documents\github\cpsc.4377.code.examples\l04.3.sdl2.spritessheets\temp\texture.obj
c:\users\sean orme\documents\github\cpsc.4377.code.examples\l04.3.sdl2.spritessheets\temp\timer.obj
c:\users\sean orme\documents\github\cpsc.4377.code.examples\l04.3.sdl2.spritessheets\temp\vc140.idb
c:\users\sean orme\documents\github\cpsc.4377.code.examples\l04.3.sdl2.spritessheets\temp\vc140.pdb
c:\users\sean orme\documents\github\cpsc.4377.code.examples\l04.3.sdl2.spritessheets\game\l04.3.sdl2.spritessheets.pdb
c:\users\sean orme\documents\github\cpsc.4377.code.examples\l04.3.sdl2.spritessheets\game\l04.3.sdl2.spritessheets.exe
c:\users\sean orme\documents\github\cpsc.4377.code.examples\l04.3.sdl2.spritessheets\game\l04.3.sdl2.spritessheets.ilk
c:\users\sean orme\documents\github\cpsc.4377.code.examples\l04.3.sdl2.spritessheets\temp\l04.3.sd.30be2f58.tlog\cl.command.1.tlog
c:\users\sean orme\documents\github\cpsc.4377.code.examples\l04.3.sdl2.spritessheets\temp\l04.3.sd.30be2f58.tlog\cl.read.1.tlog
c:\users\sean orme\documents\github\cpsc.4377.code.examples\l04.3.sdl2.spritessheets\temp\l04.3.sd.30be2f58.tlog\cl.write.1.tlog
c:\users\sean orme\documents\github\cpsc.4377.code.examples\l04.3.sdl2.spritessheets\temp\l04.3.sd.30be2f58.tlog\l04.3.sdl2.spritessheets.write.1u.tlog
c:\users\sean orme\documents\github\cpsc.4377.code.examples\l04.3.sdl2.spritessheets\temp\l04.3.sd.30be2f58.tlog\link.command.1.tlog
c:\users\sean orme\documents\github\cpsc.4377.code.examples\l04.3.sdl2.spritessheets\temp\l04.3.sd.30be2f58.tlog\link.read.1.tlog
c:\users\sean orme\documents\github\cpsc.4377.code.examples\l04.3.sdl2.spritessheets\temp\l04.3.sd.30be2f58.tlog\link.write.1.tlog
