c:\users\sean orme\google drive\cpsc 4377\code examples\l05.1.component.megaman\temp\vc140.pdb
c:\users\sean orme\google drive\cpsc 4377\code examples\l05.1.component.megaman\temp\vc140.idb
c:\users\sean orme\google drive\cpsc 4377\code examples\l05.1.component.megaman\temp\component.obj
c:\users\sean orme\google drive\cpsc 4377\code examples\l05.1.component.megaman\temp\gameobject.obj
c:\users\sean orme\google drive\cpsc 4377\code examples\l05.1.component.megaman\temp\graphicsdevice.obj
c:\users\sean orme\google drive\cpsc 4377\code examples\l05.1.component.megaman\temp\texture.obj
c:\users\sean orme\google drive\cpsc 4377\code examples\l05.1.component.megaman\temp\timer.obj
c:\users\sean orme\google drive\cpsc 4377\code examples\l05.1.component.megaman\temp\source.obj
c:\users\sean orme\google drive\cpsc 4377\code examples\l05.1.component.megaman\temp\spritecomponent.obj
c:\users\sean orme\google drive\cpsc 4377\code examples\l05.1.component.megaman\temp\userinputcomponent.obj
c:\users\ormeskirk\documents\github\cpsc.4377.code.examples\l05.1.component.megaman\temp\vc140.pdb
c:\users\ormeskirk\documents\github\cpsc.4377.code.examples\l05.1.component.megaman\temp\vc140.idb
c:\users\ormeskirk\documents\github\cpsc.4377.code.examples\l05.1.component.megaman\temp\component.obj
c:\users\ormeskirk\documents\github\cpsc.4377.code.examples\l05.1.component.megaman\temp\gameobject.obj
c:\users\ormeskirk\documents\github\cpsc.4377.code.examples\l05.1.component.megaman\temp\graphicsdevice.obj
c:\users\ormeskirk\documents\github\cpsc.4377.code.examples\l05.1.component.megaman\temp\source.obj
c:\users\ormeskirk\documents\github\cpsc.4377.code.examples\l05.1.component.megaman\temp\spritecomponent.obj
c:\users\ormeskirk\documents\github\cpsc.4377.code.examples\l05.1.component.megaman\temp\texture.obj
c:\users\ormeskirk\documents\github\cpsc.4377.code.examples\l05.1.component.megaman\temp\timer.obj
c:\users\ormeskirk\documents\github\cpsc.4377.code.examples\l05.1.component.megaman\temp\userinputcomponent.obj
c:\users\sean orme\documents\github\cpsc.4377.code.examples\l05.1.component.megaman\temp\vc140.pdb
c:\users\sean orme\documents\github\cpsc.4377.code.examples\l05.1.component.megaman\temp\vc140.idb
c:\users\sean orme\documents\github\cpsc.4377.code.examples\l05.1.component.megaman\temp\component.obj
c:\users\sean orme\documents\github\cpsc.4377.code.examples\l05.1.component.megaman\temp\gameobject.obj
c:\users\sean orme\documents\github\cpsc.4377.code.examples\l05.1.component.megaman\temp\graphicsdevice.obj
c:\users\sean orme\documents\github\cpsc.4377.code.examples\l05.1.component.megaman\temp\source.obj
c:\users\sean orme\documents\github\cpsc.4377.code.examples\l05.1.component.megaman\temp\spritecomponent.obj
c:\users\sean orme\documents\github\cpsc.4377.code.examples\l05.1.component.megaman\temp\texture.obj
c:\users\sean orme\documents\github\cpsc.4377.code.examples\l05.1.component.megaman\temp\timer.obj
c:\users\sean orme\documents\github\cpsc.4377.code.examples\l05.1.component.megaman\temp\userinputcomponent.obj
c:\users\sean orme\google drive\cpsc 4377\code examples\l05.1.component.megaman\game\l05.1.component.megaman.lib
c:\users\sean orme\google drive\cpsc 4377\code examples\l05.1.component.megaman\game\l05.1.component.megaman.exp
c:\users\ormeskirk\documents\github\cpsc.4377.code.examples\l05.1.component.megaman\game\l05.1.component.megaman.lib
c:\users\ormeskirk\documents\github\cpsc.4377.code.examples\l05.1.component.megaman\game\l05.1.component.megaman.exp
c:\users\sean orme\documents\github\cpsc.4377.code.examples\l05.1.component.megaman\game\l05.1.component.megaman.lib
c:\users\sean orme\documents\github\cpsc.4377.code.examples\l05.1.component.megaman\game\l05.1.component.megaman.exp
c:\users\sean orme\google drive\cpsc 4377\code examples\l05.1.component.megaman\game\l05.1.component.megaman.ilk
c:\users\sean orme\google drive\cpsc 4377\code examples\l05.1.component.megaman\game\l05.1.component.megaman.exe
c:\users\sean orme\google drive\cpsc 4377\code examples\l05.1.component.megaman\game\l05.1.component.megaman.pdb
c:\users\ormeskirk\documents\github\cpsc.4377.code.examples\l05.1.component.megaman\game\l05.1.component.megaman.ilk
c:\users\ormeskirk\documents\github\cpsc.4377.code.examples\l05.1.component.megaman\game\l05.1.component.megaman.exe
c:\users\ormeskirk\documents\github\cpsc.4377.code.examples\l05.1.component.megaman\game\l05.1.component.megaman.pdb
c:\users\sean orme\documents\github\cpsc.4377.code.examples\l05.1.component.megaman\game\l05.1.component.megaman.ilk
c:\users\sean orme\documents\github\cpsc.4377.code.examples\l05.1.component.megaman\game\l05.1.component.megaman.exe
c:\users\sean orme\documents\github\cpsc.4377.code.examples\l05.1.component.megaman\game\l05.1.component.megaman.pdb
c:\users\sean orme\documents\github\cpsc.4377.code.examples\l05.1.component.megaman\temp\l05.1.co.8773f7d5.tlog\cl.command.1.tlog
c:\users\sean orme\documents\github\cpsc.4377.code.examples\l05.1.component.megaman\temp\l05.1.co.8773f7d5.tlog\cl.read.1.tlog
c:\users\sean orme\documents\github\cpsc.4377.code.examples\l05.1.component.megaman\temp\l05.1.co.8773f7d5.tlog\cl.write.1.tlog
c:\users\sean orme\documents\github\cpsc.4377.code.examples\l05.1.component.megaman\temp\l05.1.co.8773f7d5.tlog\l05.1.component.megaman.write.1u.tlog
c:\users\sean orme\documents\github\cpsc.4377.code.examples\l05.1.component.megaman\temp\l05.1.co.8773f7d5.tlog\link.command.1.tlog
c:\users\sean orme\documents\github\cpsc.4377.code.examples\l05.1.component.megaman\temp\l05.1.co.8773f7d5.tlog\link.read.1.tlog
c:\users\sean orme\documents\github\cpsc.4377.code.examples\l05.1.component.megaman\temp\l05.1.co.8773f7d5.tlog\link.write.1.tlog
