  C:\Users\Sean Orme\Google Drive\CPSC 4377\Code Examples\L05.1.Component.MegaMan\ThirdParty\SDL2-2.0.7\lib\x86\libfreetype-6.dll
  C:\Users\Sean Orme\Google Drive\CPSC 4377\Code Examples\L05.1.Component.MegaMan\ThirdParty\SDL2-2.0.7\lib\x86\SDL2.dll
  C:\Users\Sean Orme\Google Drive\CPSC 4377\Code Examples\L05.1.Component.MegaMan\ThirdParty\SDL2-2.0.7\lib\x86\SDL2_ttf.dll
  C:\Users\Sean Orme\Google Drive\CPSC 4377\Code Examples\L05.1.Component.MegaMan\ThirdParty\SDL2-2.0.7\lib\x86\zlib1.dll
          4 file(s) copied.
  C:\Users\Sean Orme\Google Drive\CPSC 4377\Code Examples\L05.1.Component.MegaMan\ThirdParty\SDL2_image-2.0.2\lib\x86\libjpeg-9.dll
  C:\Users\Sean Orme\Google Drive\CPSC 4377\Code Examples\L05.1.Component.MegaMan\ThirdParty\SDL2_image-2.0.2\lib\x86\libpng16-16.dll
  C:\Users\Sean Orme\Google Drive\CPSC 4377\Code Examples\L05.1.Component.MegaMan\ThirdParty\SDL2_image-2.0.2\lib\x86\libtiff-5.dll
  C:\Users\Sean Orme\Google Drive\CPSC 4377\Code Examples\L05.1.Component.MegaMan\ThirdParty\SDL2_image-2.0.2\lib\x86\libwebp-7.dll
  C:\Users\Sean Orme\Google Drive\CPSC 4377\Code Examples\L05.1.Component.MegaMan\ThirdParty\SDL2_image-2.0.2\lib\x86\SDL2_image.dll
  C:\Users\Sean Orme\Google Drive\CPSC 4377\Code Examples\L05.1.Component.MegaMan\ThirdParty\SDL2_image-2.0.2\lib\x86\zlib1.dll
          6 file(s) copied.
  Component.cpp
  Generating Code...
  Compiling...
  UserInputComponent.cpp
  SpriteComponent.cpp
c:\users\sean orme\google drive\cpsc 4377\code examples\l05.1.component.megaman\source\spritecomponent.cpp(76): warning C4838: conversion from 'Uint32' to 'int' requires a narrowing conversion
  Source.cpp
  GameObject.cpp
  Generating Code...
  L05.1.Component.MegaMan.vcxproj -> C:\Users\Sean Orme\Google Drive\CPSC 4377\Code Examples\L05.1.Component.MegaMan\Game\L05.1.Component.MegaMan.exe
  L05.1.Component.MegaMan.vcxproj -> C:\Users\Sean Orme\Google Drive\CPSC 4377\Code Examples\L05.1.Component.MegaMan\Game\L05.1.Component.MegaMan.pdb (Partial PDB)
  C:\Users\Sean Orme\Google Drive\CPSC 4377\Code Examples\L05.1.Component.MegaMan\libfreetype-6.dll
  C:\Users\Sean Orme\Google Drive\CPSC 4377\Code Examples\L05.1.Component.MegaMan\libjpeg-9.dll
  C:\Users\Sean Orme\Google Drive\CPSC 4377\Code Examples\L05.1.Component.MegaMan\libpng16-16.dll
  C:\Users\Sean Orme\Google Drive\CPSC 4377\Code Examples\L05.1.Component.MegaMan\libtiff-5.dll
  C:\Users\Sean Orme\Google Drive\CPSC 4377\Code Examples\L05.1.Component.MegaMan\libwebp-7.dll
  C:\Users\Sean Orme\Google Drive\CPSC 4377\Code Examples\L05.1.Component.MegaMan\SDL2.dll
  C:\Users\Sean Orme\Google Drive\CPSC 4377\Code Examples\L05.1.Component.MegaMan\SDL2_image.dll
  C:\Users\Sean Orme\Google Drive\CPSC 4377\Code Examples\L05.1.Component.MegaMan\SDL2_ttf.dll
  C:\Users\Sean Orme\Google Drive\CPSC 4377\Code Examples\L05.1.Component.MegaMan\zlib1.dll
          9 file(s) moved.
  C:\Users\Sean Orme\Google Drive\CPSC 4377\Code Examples\L05.1.Component.MegaMan\Assets\Fonts\impact.ttf -> C:\Users\Sean Orme\Google Drive\CPSC 4377\Code Examples\L05.1.Component.MegaMan\Game\Assets\Fonts\impact.ttf
  C:\Users\Sean Orme\Google Drive\CPSC 4377\Code Examples\L05.1.Component.MegaMan\Assets\Images\Megaman.png -> C:\Users\Sean Orme\Google Drive\CPSC 4377\Code Examples\L05.1.Component.MegaMan\Game\Assets\Images\Megaman.png
  2 File(s) copied
