C:\Program Files (x86)\MSBuild\Microsoft.Cpp\v4.0\V140\Microsoft.CppBuild.targets(392,5): warning MSB8028: The intermediate directory (C:\Users\Sean Orme\Documents\GitHub\CPSC.4377.Code.Examples\L07.2.Physics.Contact.Listener\Temp\) contains files shared from another project (L07.1.Physics.Basics.vcxproj).  This can lead to incorrect clean and rebuild behavior.
  C:\Users\Sean Orme\Documents\GitHub\CPSC.4377.Code.Examples\L07.2.Physics.Contact.Listener\ThirdParty\SDL2-2.0.7\lib\x86\libfreetype-6.dll
  C:\Users\Sean Orme\Documents\GitHub\CPSC.4377.Code.Examples\L07.2.Physics.Contact.Listener\ThirdParty\SDL2-2.0.7\lib\x86\SDL2.dll
  C:\Users\Sean Orme\Documents\GitHub\CPSC.4377.Code.Examples\L07.2.Physics.Contact.Listener\ThirdParty\SDL2-2.0.7\lib\x86\SDL2_ttf.dll
  C:\Users\Sean Orme\Documents\GitHub\CPSC.4377.Code.Examples\L07.2.Physics.Contact.Listener\ThirdParty\SDL2-2.0.7\lib\x86\zlib1.dll
          4 file(s) copied.
  C:\Users\Sean Orme\Documents\GitHub\CPSC.4377.Code.Examples\L07.2.Physics.Contact.Listener\ThirdParty\SDL2_image-2.0.2\lib\x86\libjpeg-9.dll
  C:\Users\Sean Orme\Documents\GitHub\CPSC.4377.Code.Examples\L07.2.Physics.Contact.Listener\ThirdParty\SDL2_image-2.0.2\lib\x86\libpng16-16.dll
  C:\Users\Sean Orme\Documents\GitHub\CPSC.4377.Code.Examples\L07.2.Physics.Contact.Listener\ThirdParty\SDL2_image-2.0.2\lib\x86\libtiff-5.dll
  C:\Users\Sean Orme\Documents\GitHub\CPSC.4377.Code.Examples\L07.2.Physics.Contact.Listener\ThirdParty\SDL2_image-2.0.2\lib\x86\libwebp-7.dll
  C:\Users\Sean Orme\Documents\GitHub\CPSC.4377.Code.Examples\L07.2.Physics.Contact.Listener\ThirdParty\SDL2_image-2.0.2\lib\x86\SDL2_image.dll
  C:\Users\Sean Orme\Documents\GitHub\CPSC.4377.Code.Examples\L07.2.Physics.Contact.Listener\ThirdParty\SDL2_image-2.0.2\lib\x86\zlib1.dll
          6 file(s) copied.
  Timer.cpp
  Texture.cpp
c:\users\sean orme\documents\github\cpsc.4377.code.examples\l07.2.physics.contact.listener\source\texture.cpp(103): warning C4838: conversion from 'float' to 'int' requires a narrowing conversion
c:\users\sean orme\documents\github\cpsc.4377.code.examples\l07.2.physics.contact.listener\source\texture.cpp(103): warning C4244: 'initializing': conversion from 'float' to 'int', possible loss of data
  Source.cpp
  GraphicsDevice.cpp
  GameObject.cpp
c:\users\sean orme\documents\github\cpsc.4377.code.examples\l07.2.physics.contact.listener\source\gameobject.cpp(109): warning C4244: 'argument': conversion from 'int' to 'float', possible loss of data
c:\users\sean orme\documents\github\cpsc.4377.code.examples\l07.2.physics.contact.listener\source\gameobject.cpp(121): warning C4838: conversion from 'Uint32' to 'int' requires a narrowing conversion
  ContactListener.cpp
  Generating Code...
     Creating library C:\Users\Sean Orme\Documents\GitHub\CPSC.4377.Code.Examples\L07.2.Physics.Contact.Listener\Game\L07.2.Physics.Contact.Listener.lib and object C:\Users\Sean Orme\Documents\GitHub\CPSC.4377.Code.Examples\L07.2.Physics.Contact.Listener\Game\L07.2.Physics.Contact.Listener.exp
  L07.2.Physics.Contact.Listener.vcxproj -> C:\Users\Sean Orme\Documents\GitHub\CPSC.4377.Code.Examples\L07.2.Physics.Contact.Listener\Game\L07.2.Physics.Contact.Listener.exe
  L07.2.Physics.Contact.Listener.vcxproj -> C:\Users\Sean Orme\Documents\GitHub\CPSC.4377.Code.Examples\L07.2.Physics.Contact.Listener\Game\L07.2.Physics.Contact.Listener.pdb (Partial PDB)
  C:\Users\Sean Orme\Documents\GitHub\CPSC.4377.Code.Examples\L07.2.Physics.Contact.Listener\libfreetype-6.dll
  C:\Users\Sean Orme\Documents\GitHub\CPSC.4377.Code.Examples\L07.2.Physics.Contact.Listener\libjpeg-9.dll
  C:\Users\Sean Orme\Documents\GitHub\CPSC.4377.Code.Examples\L07.2.Physics.Contact.Listener\libpng16-16.dll
  C:\Users\Sean Orme\Documents\GitHub\CPSC.4377.Code.Examples\L07.2.Physics.Contact.Listener\libtiff-5.dll
  C:\Users\Sean Orme\Documents\GitHub\CPSC.4377.Code.Examples\L07.2.Physics.Contact.Listener\libwebp-7.dll
  C:\Users\Sean Orme\Documents\GitHub\CPSC.4377.Code.Examples\L07.2.Physics.Contact.Listener\SDL2.dll
  C:\Users\Sean Orme\Documents\GitHub\CPSC.4377.Code.Examples\L07.2.Physics.Contact.Listener\SDL2_image.dll
  C:\Users\Sean Orme\Documents\GitHub\CPSC.4377.Code.Examples\L07.2.Physics.Contact.Listener\SDL2_ttf.dll
  C:\Users\Sean Orme\Documents\GitHub\CPSC.4377.Code.Examples\L07.2.Physics.Contact.Listener\zlib1.dll
          9 file(s) moved.
  C:\Users\Sean Orme\Documents\GitHub\CPSC.4377.Code.Examples\L07.2.Physics.Contact.Listener\Assets\Fonts\impact.ttf -> C:\Users\Sean Orme\Documents\GitHub\CPSC.4377.Code.Examples\L07.2.Physics.Contact.Listener\Game\Assets\Fonts\impact.ttf
  C:\Users\Sean Orme\Documents\GitHub\CPSC.4377.Code.Examples\L07.2.Physics.Contact.Listener\Assets\Images\Ball.png -> C:\Users\Sean Orme\Documents\GitHub\CPSC.4377.Code.Examples\L07.2.Physics.Contact.Listener\Game\Assets\Images\Ball.png
  C:\Users\Sean Orme\Documents\GitHub\CPSC.4377.Code.Examples\L07.2.Physics.Contact.Listener\Assets\Images\BallBearing.png -> C:\Users\Sean Orme\Documents\GitHub\CPSC.4377.Code.Examples\L07.2.Physics.Contact.Listener\Game\Assets\Images\BallBearing.png
  3 File(s) copied
