c:\users\sean orme\documents\github\cpsc.4377.code.examples\l07.2.physics.contact.listener\temp\vc140.pdb
c:\users\sean orme\documents\github\cpsc.4377.code.examples\l07.2.physics.contact.listener\temp\vc140.idb
c:\users\sean orme\documents\github\cpsc.4377.code.examples\l07.2.physics.contact.listener\temp\contactlistener.obj
c:\users\sean orme\documents\github\cpsc.4377.code.examples\l07.2.physics.contact.listener\temp\gameobject.obj
c:\users\sean orme\documents\github\cpsc.4377.code.examples\l07.2.physics.contact.listener\temp\graphicsdevice.obj
c:\users\sean orme\documents\github\cpsc.4377.code.examples\l07.2.physics.contact.listener\temp\texture.obj
c:\users\sean orme\documents\github\cpsc.4377.code.examples\l07.2.physics.contact.listener\temp\timer.obj
c:\users\sean orme\documents\github\cpsc.4377.code.examples\l07.2.physics.contact.listener\temp\source.obj
c:\users\sean orme\documents\github\cpsc.4377.code.examples\l07.2.physics.contact.listener\game\l07.2.physics.contact.listener.lib
c:\users\sean orme\documents\github\cpsc.4377.code.examples\l07.2.physics.contact.listener\game\l07.2.physics.contact.listener.exp
c:\users\sean orme\documents\github\cpsc.4377.code.examples\l07.2.physics.contact.listener\game\l07.2.physics.contact.listener.ilk
c:\users\sean orme\documents\github\cpsc.4377.code.examples\l07.2.physics.contact.listener\game\l07.2.physics.contact.listener.exe
c:\users\sean orme\documents\github\cpsc.4377.code.examples\l07.2.physics.contact.listener\game\l07.2.physics.contact.listener.pdb
c:\users\sean orme\documents\github\cpsc.4377.code.examples\l07.2.physics.contact.listener\temp\bodycomponent.obj
c:\users\sean orme\documents\github\cpsc.4377.code.examples\l07.2.physics.contact.listener\temp\component.obj
c:\users\sean orme\documents\github\cpsc.4377.code.examples\l07.2.physics.contact.listener\temp\physicsdevice.obj
c:\users\sean orme\documents\github\cpsc.4377.code.examples\l07.2.physics.contact.listener\temp\spritecomponent.obj
c:\users\sean orme\documents\github\cpsc.4377.code.examples\l07.2.physics.contact.listener\temp\userinputcomponent.obj
c:\users\sean orme\documents\github\cpsc.4377.code.examples\l07.2.physics.contact.listener\temp\l07.2.ph.e6cb4246.tlog\cl.command.1.tlog
c:\users\sean orme\documents\github\cpsc.4377.code.examples\l07.2.physics.contact.listener\temp\l07.2.ph.e6cb4246.tlog\cl.read.1.tlog
c:\users\sean orme\documents\github\cpsc.4377.code.examples\l07.2.physics.contact.listener\temp\l07.2.ph.e6cb4246.tlog\cl.write.1.tlog
c:\users\sean orme\documents\github\cpsc.4377.code.examples\l07.2.physics.contact.listener\temp\l07.2.ph.e6cb4246.tlog\l07.2.physics.contact.listener.write.1u.tlog
c:\users\sean orme\documents\github\cpsc.4377.code.examples\l07.2.physics.contact.listener\temp\l07.2.ph.e6cb4246.tlog\link.command.1.tlog
c:\users\sean orme\documents\github\cpsc.4377.code.examples\l07.2.physics.contact.listener\temp\l07.2.ph.e6cb4246.tlog\link.read.1.tlog
c:\users\sean orme\documents\github\cpsc.4377.code.examples\l07.2.physics.contact.listener\temp\l07.2.ph.e6cb4246.tlog\link.write.1.tlog
