c:\users\ormeskirk\documents\github\cpsc.4377.code.examples\l04.4.sdl2.keyboard.input\temp\vc141.pdb
c:\users\ormeskirk\documents\github\cpsc.4377.code.examples\l04.4.sdl2.keyboard.input\temp\vc141.idb
c:\users\ormeskirk\documents\github\cpsc.4377.code.examples\l04.4.sdl2.keyboard.input\temp\timer.obj
c:\users\ormeskirk\documents\github\cpsc.4377.code.examples\l04.4.sdl2.keyboard.input\temp\texture.obj
c:\users\ormeskirk\documents\github\cpsc.4377.code.examples\l04.4.sdl2.keyboard.input\temp\source.obj
c:\users\ormeskirk\documents\github\cpsc.4377.code.examples\l04.4.sdl2.keyboard.input\temp\inputdevice.obj
c:\users\ormeskirk\documents\github\cpsc.4377.code.examples\l04.4.sdl2.keyboard.input\temp\graphicsdevice.obj
c:\users\ormeskirk\documents\github\cpsc.4377.code.examples\l04.4.sdl2.keyboard.input\temp\gameobject.obj
c:\users\sean orme\documents\github\cpsc.4377.code.examples\l04.4.sdl2.keyboard.input\temp\vc141.pdb
c:\users\sean orme\documents\github\cpsc.4377.code.examples\l04.4.sdl2.keyboard.input\temp\vc141.idb
c:\users\sean orme\documents\github\cpsc.4377.code.examples\l04.4.sdl2.keyboard.input\temp\gameobject.obj
c:\users\sean orme\documents\github\cpsc.4377.code.examples\l04.4.sdl2.keyboard.input\temp\graphicsdevice.obj
c:\users\sean orme\documents\github\cpsc.4377.code.examples\l04.4.sdl2.keyboard.input\temp\inputdevice.obj
c:\users\sean orme\documents\github\cpsc.4377.code.examples\l04.4.sdl2.keyboard.input\temp\source.obj
c:\users\sean orme\documents\github\cpsc.4377.code.examples\l04.4.sdl2.keyboard.input\temp\texture.obj
c:\users\sean orme\documents\github\cpsc.4377.code.examples\l04.4.sdl2.keyboard.input\temp\timer.obj
c:\users\sean orme\documents\github\cpsc.4377.code.examples\l04.4.sdl2.keyboard.input\game\l04.4.sdl2.keyboard.input.lib
c:\users\sean orme\documents\github\cpsc.4377.code.examples\l04.4.sdl2.keyboard.input\game\l04.4.sdl2.keyboard.input.exp
c:\users\ormeskirk\documents\github\cpsc.4377.code.examples\l04.4.sdl2.keyboard.input\game\l04.4.sdl2.keyboard.input.exe
c:\users\ormeskirk\documents\github\cpsc.4377.code.examples\l04.4.sdl2.keyboard.input\game\l04.4.sdl2.keyboard.input.ilk
c:\users\ormeskirk\documents\github\cpsc.4377.code.examples\l04.4.sdl2.keyboard.input\game\l04.4.sdl2.keyboard.input.pdb
c:\users\sean orme\documents\github\cpsc.4377.code.examples\l04.4.sdl2.keyboard.input\game\l04.4.sdl2.keyboard.input.ilk
c:\users\sean orme\documents\github\cpsc.4377.code.examples\l04.4.sdl2.keyboard.input\game\l04.4.sdl2.keyboard.input.exe
c:\users\sean orme\documents\github\cpsc.4377.code.examples\l04.4.sdl2.keyboard.input\game\l04.4.sdl2.keyboard.input.pdb
c:\users\sean orme\documents\github\cpsc.4377.code.examples\l04.4.sdl2.keyboard.input\temp\l04.4.sd.241b1080.tlog\cl.command.1.tlog
c:\users\sean orme\documents\github\cpsc.4377.code.examples\l04.4.sdl2.keyboard.input\temp\l04.4.sd.241b1080.tlog\cl.read.1.tlog
c:\users\sean orme\documents\github\cpsc.4377.code.examples\l04.4.sdl2.keyboard.input\temp\l04.4.sd.241b1080.tlog\cl.write.1.tlog
c:\users\sean orme\documents\github\cpsc.4377.code.examples\l04.4.sdl2.keyboard.input\temp\l04.4.sd.241b1080.tlog\l04.4.sdl2.keyboard.input.write.1u.tlog
c:\users\sean orme\documents\github\cpsc.4377.code.examples\l04.4.sdl2.keyboard.input\temp\l04.4.sd.241b1080.tlog\link.command.1.tlog
c:\users\sean orme\documents\github\cpsc.4377.code.examples\l04.4.sdl2.keyboard.input\temp\l04.4.sd.241b1080.tlog\link.read.1.tlog
c:\users\sean orme\documents\github\cpsc.4377.code.examples\l04.4.sdl2.keyboard.input\temp\l04.4.sd.241b1080.tlog\link.write.1.tlog
