c:\users\sean orme\documents\github\cpsc.4377.code.examples\l07.3.physics.joints\temp\vc140.pdb
c:\users\sean orme\documents\github\cpsc.4377.code.examples\l07.3.physics.joints\temp\vc140.idb
c:\users\sean orme\documents\github\cpsc.4377.code.examples\l07.3.physics.joints\temp\gameobject.obj
c:\users\sean orme\documents\github\cpsc.4377.code.examples\l07.3.physics.joints\temp\graphicsdevice.obj
c:\users\sean orme\documents\github\cpsc.4377.code.examples\l07.3.physics.joints\temp\source.obj
c:\users\sean orme\documents\github\cpsc.4377.code.examples\l07.3.physics.joints\temp\texture.obj
c:\users\sean orme\documents\github\cpsc.4377.code.examples\l07.3.physics.joints\temp\timer.obj
c:\users\sean orme\documents\github\cpsc.4377.code.examples\l07.3.physics.joints\game\l07.3.physics.joints.lib
c:\users\sean orme\documents\github\cpsc.4377.code.examples\l07.3.physics.joints\game\l07.3.physics.joints.exp
c:\users\sean orme\documents\github\cpsc.4377.code.examples\l07.3.physics.joints\game\l07.3.physics.joints.ilk
c:\users\sean orme\documents\github\cpsc.4377.code.examples\l07.3.physics.joints\game\l07.3.physics.joints.exe
c:\users\sean orme\documents\github\cpsc.4377.code.examples\l07.3.physics.joints\game\l07.3.physics.joints.pdb
c:\users\sean orme\documents\github\cpsc.4377.code.examples\l07.3.physics.joints\temp\bodycomponent.obj
c:\users\sean orme\documents\github\cpsc.4377.code.examples\l07.3.physics.joints\temp\component.obj
c:\users\sean orme\documents\github\cpsc.4377.code.examples\l07.3.physics.joints\temp\physicsdevice.obj
c:\users\sean orme\documents\github\cpsc.4377.code.examples\l07.3.physics.joints\temp\spritecomponent.obj
c:\users\sean orme\documents\github\cpsc.4377.code.examples\l07.3.physics.joints\temp\userinputcomponent.obj
c:\users\sean orme\documents\github\cpsc.4377.code.examples\l07.3.physics.joints\temp\l07.3.ph.7a6ffed5.tlog\cl.command.1.tlog
c:\users\sean orme\documents\github\cpsc.4377.code.examples\l07.3.physics.joints\temp\l07.3.ph.7a6ffed5.tlog\cl.read.1.tlog
c:\users\sean orme\documents\github\cpsc.4377.code.examples\l07.3.physics.joints\temp\l07.3.ph.7a6ffed5.tlog\cl.write.1.tlog
c:\users\sean orme\documents\github\cpsc.4377.code.examples\l07.3.physics.joints\temp\l07.3.ph.7a6ffed5.tlog\l07.3.physics.joints.write.1u.tlog
c:\users\sean orme\documents\github\cpsc.4377.code.examples\l07.3.physics.joints\temp\l07.3.ph.7a6ffed5.tlog\link.command.1.tlog
c:\users\sean orme\documents\github\cpsc.4377.code.examples\l07.3.physics.joints\temp\l07.3.ph.7a6ffed5.tlog\link.read.1.tlog
c:\users\sean orme\documents\github\cpsc.4377.code.examples\l07.3.physics.joints\temp\l07.3.ph.7a6ffed5.tlog\link.write.1.tlog
