c:\users\sean orme\documents\github\cpsc.4377.code.examples\l08.2.npc.steering.behavior\temp\vc141.pdb
c:\users\sean orme\documents\github\cpsc.4377.code.examples\l08.2.npc.steering.behavior\temp\vc141.idb
c:\users\sean orme\documents\github\cpsc.4377.code.examples\l08.2.npc.steering.behavior\temp\gameobject.obj
c:\users\sean orme\documents\github\cpsc.4377.code.examples\l08.2.npc.steering.behavior\temp\graphicsdevice.obj
c:\users\sean orme\documents\github\cpsc.4377.code.examples\l08.2.npc.steering.behavior\temp\inputdevice.obj
c:\users\sean orme\documents\github\cpsc.4377.code.examples\l08.2.npc.steering.behavior\temp\source.obj
c:\users\sean orme\documents\github\cpsc.4377.code.examples\l08.2.npc.steering.behavior\temp\texture.obj
c:\users\sean orme\documents\github\cpsc.4377.code.examples\l08.2.npc.steering.behavior\temp\timer.obj
c:\users\sean orme\documents\github\cpsc.4377.code.examples\l08.2.npc.steering.behavior\game\l08.2.npc.steering.behavior.lib
c:\users\sean orme\documents\github\cpsc.4377.code.examples\l08.2.npc.steering.behavior\game\l08.2.npc.steering.behavior.exp
c:\users\sean orme\documents\github\cpsc.4377.code.examples\l08.2.npc.steering.behavior\game\l08.2.npc.steering.behavior.exe
c:\users\sean orme\documents\github\cpsc.4377.code.examples\l08.2.npc.steering.behavior\game\l08.2.npc.steering.behavior.ilk
c:\users\sean orme\documents\github\cpsc.4377.code.examples\l08.2.npc.steering.behavior\game\l08.2.npc.steering.behavior.pdb
c:\users\sean orme\documents\github\cpsc.4377.code.examples\l08.2.npc.steering.behavior\temp\gameobject.obj.enc
c:\users\sean orme\documents\github\cpsc.4377.code.examples\l08.2.npc.steering.behavior\temp\l08.2.np.9b6bfea8.tlog\cl.command.1.tlog
c:\users\sean orme\documents\github\cpsc.4377.code.examples\l08.2.npc.steering.behavior\temp\l08.2.np.9b6bfea8.tlog\cl.read.1.tlog
c:\users\sean orme\documents\github\cpsc.4377.code.examples\l08.2.npc.steering.behavior\temp\l08.2.np.9b6bfea8.tlog\cl.write.1.tlog
c:\users\sean orme\documents\github\cpsc.4377.code.examples\l08.2.npc.steering.behavior\temp\l08.2.np.9b6bfea8.tlog\l08.2.npc.steering.behavior.write.1u.tlog
c:\users\sean orme\documents\github\cpsc.4377.code.examples\l08.2.npc.steering.behavior\temp\l08.2.np.9b6bfea8.tlog\link.command.1.tlog
c:\users\sean orme\documents\github\cpsc.4377.code.examples\l08.2.npc.steering.behavior\temp\l08.2.np.9b6bfea8.tlog\link.delete.1.tlog
c:\users\sean orme\documents\github\cpsc.4377.code.examples\l08.2.npc.steering.behavior\temp\l08.2.np.9b6bfea8.tlog\link.read.1.tlog
c:\users\sean orme\documents\github\cpsc.4377.code.examples\l08.2.npc.steering.behavior\temp\l08.2.np.9b6bfea8.tlog\link.write.1.tlog
