c:\users\sean orme\google drive\cpsc 4377\code examples\l07.1.physics.basics.take.2\temp\vc140.pdb
c:\users\sean orme\google drive\cpsc 4377\code examples\l07.1.physics.basics.take.2\temp\vc140.idb
c:\users\sean orme\google drive\cpsc 4377\code examples\l07.1.physics.basics.take.2\temp\gameobject.obj
c:\users\sean orme\google drive\cpsc 4377\code examples\l07.1.physics.basics.take.2\temp\source.obj
c:\users\sean orme\google drive\cpsc 4377\code examples\l07.1.physics.basics.take.2\temp\texture.obj
c:\users\sean orme\google drive\cpsc 4377\code examples\l07.1.physics.basics.take.2\temp\timer.obj
c:\users\sean orme\google drive\cpsc 4377\code examples\l07.1.physics.basics.take.2\temp\graphicsdevice.obj
c:\users\sean orme\documents\github\cpsc.4377.code.examples\l07.1.physics.basics.take.2\temp\vc140.pdb
c:\users\sean orme\documents\github\cpsc.4377.code.examples\l07.1.physics.basics.take.2\temp\vc140.idb
c:\users\sean orme\documents\github\cpsc.4377.code.examples\l07.1.physics.basics.take.2\temp\gameobject.obj
c:\users\sean orme\documents\github\cpsc.4377.code.examples\l07.1.physics.basics.take.2\temp\graphicsdevice.obj
c:\users\sean orme\documents\github\cpsc.4377.code.examples\l07.1.physics.basics.take.2\temp\source.obj
c:\users\sean orme\documents\github\cpsc.4377.code.examples\l07.1.physics.basics.take.2\temp\texture.obj
c:\users\sean orme\documents\github\cpsc.4377.code.examples\l07.1.physics.basics.take.2\temp\timer.obj
c:\users\sean orme\google drive\cpsc 4377\code examples\l07.1.physics.basics.take.2\game\l07.1.physics.basics.lib
c:\users\sean orme\google drive\cpsc 4377\code examples\l07.1.physics.basics.take.2\game\l07.1.physics.basics.exp
c:\users\sean orme\documents\github\cpsc.4377.code.examples\l07.1.physics.basics.take.2\game\l07.1.physics.basics.lib
c:\users\sean orme\documents\github\cpsc.4377.code.examples\l07.1.physics.basics.take.2\game\l07.1.physics.basics.exp
c:\users\sean orme\google drive\cpsc 4377\code examples\l07.1.physics.basics.take.2\game\l07.1.physics.basics.ilk
c:\users\sean orme\google drive\cpsc 4377\code examples\l07.1.physics.basics.take.2\game\l07.1.physics.basics.exe
c:\users\sean orme\google drive\cpsc 4377\code examples\l07.1.physics.basics.take.2\game\l07.1.physics.basics.pdb
c:\users\sean orme\documents\github\cpsc.4377.code.examples\l07.1.physics.basics.take.2\game\l07.1.physics.basics.ilk
c:\users\sean orme\documents\github\cpsc.4377.code.examples\l07.1.physics.basics.take.2\game\l07.1.physics.basics.exe
c:\users\sean orme\documents\github\cpsc.4377.code.examples\l07.1.physics.basics.take.2\game\l07.1.physics.basics.pdb
c:\users\sean orme\documents\github\cpsc.4377.code.examples\l07.1.physics.basics.take.2\temp\bodycomponent.obj
c:\users\sean orme\documents\github\cpsc.4377.code.examples\l07.1.physics.basics.take.2\temp\component.obj
c:\users\sean orme\documents\github\cpsc.4377.code.examples\l07.1.physics.basics.take.2\temp\physicsdevice.obj
c:\users\sean orme\documents\github\cpsc.4377.code.examples\l07.1.physics.basics.take.2\temp\spritecomponent.obj
c:\users\sean orme\documents\github\cpsc.4377.code.examples\l07.1.physics.basics.take.2\temp\userinputcomponent.obj
c:\users\sean orme\documents\github\cpsc.4377.code.examples\l07.1.physics.basics.take.2\temp\l07.1.ph.fcd81a9d.tlog\cl.command.1.tlog
c:\users\sean orme\documents\github\cpsc.4377.code.examples\l07.1.physics.basics.take.2\temp\l07.1.ph.fcd81a9d.tlog\cl.read.1.tlog
c:\users\sean orme\documents\github\cpsc.4377.code.examples\l07.1.physics.basics.take.2\temp\l07.1.ph.fcd81a9d.tlog\cl.write.1.tlog
c:\users\sean orme\documents\github\cpsc.4377.code.examples\l07.1.physics.basics.take.2\temp\l07.1.ph.fcd81a9d.tlog\l07.1.physics.basics.write.1u.tlog
c:\users\sean orme\documents\github\cpsc.4377.code.examples\l07.1.physics.basics.take.2\temp\l07.1.ph.fcd81a9d.tlog\link.command.1.tlog
c:\users\sean orme\documents\github\cpsc.4377.code.examples\l07.1.physics.basics.take.2\temp\l07.1.ph.fcd81a9d.tlog\link.read.1.tlog
c:\users\sean orme\documents\github\cpsc.4377.code.examples\l07.1.physics.basics.take.2\temp\l07.1.ph.fcd81a9d.tlog\link.write.1.tlog
